[2022-01-26 08:21:07Z INFO HostContext] No proxy settings were found based on environmental variables (http_proxy/https_proxy/HTTP_PROXY/HTTPS_PROXY)
[2022-01-26 08:21:07Z INFO HostContext] Well known directory 'Bin': 'C:\Users\SOVANTHOEUN\Desktop\GIT Workspace\datepickr\actions-runner\bin'
[2022-01-26 08:21:07Z INFO HostContext] Well known directory 'Root': 'C:\Users\SOVANTHOEUN\Desktop\GIT Workspace\datepickr\actions-runner'
[2022-01-26 08:21:07Z INFO HostContext] Well known config file 'Credentials': 'C:\Users\SOVANTHOEUN\Desktop\GIT Workspace\datepickr\actions-runner\.credentials'
[2022-01-26 08:21:07Z INFO HostContext] Well known directory 'Bin': 'C:\Users\SOVANTHOEUN\Desktop\GIT Workspace\datepickr\actions-runner\bin'
[2022-01-26 08:21:07Z INFO HostContext] Well known directory 'Root': 'C:\Users\SOVANTHOEUN\Desktop\GIT Workspace\datepickr\actions-runner'
[2022-01-26 08:21:07Z INFO HostContext] Well known config file 'Runner': 'C:\Users\SOVANTHOEUN\Desktop\GIT Workspace\datepickr\actions-runner\.runner'
[2022-01-26 08:21:07Z INFO Listener] Runner is built for Windows (X64) - win-x64.
[2022-01-26 08:21:07Z INFO Listener] RuntimeInformation: Microsoft Windows 10.0.19043.
[2022-01-26 08:21:07Z INFO Listener] Version: 2.286.1
[2022-01-26 08:21:07Z INFO Listener] Commit: f4a2c808ebfde6798803139c41783fe2bf18a9a8
[2022-01-26 08:21:07Z INFO Listener] Culture: ko-KR
[2022-01-26 08:21:07Z INFO Listener] UI Culture: ko-KR
[2022-01-26 08:21:07Z INFO HostContext] Well known directory 'Bin': 'C:\Users\SOVANTHOEUN\Desktop\GIT Workspace\datepickr\actions-runner\bin'
[2022-01-26 08:21:07Z INFO HostContext] Well known directory 'Root': 'C:\Users\SOVANTHOEUN\Desktop\GIT Workspace\datepickr\actions-runner'
[2022-01-26 08:21:07Z INFO Listener] Validating directory permissions for: 'C:\Users\SOVANTHOEUN\Desktop\GIT Workspace\datepickr\actions-runner'
[2022-01-26 08:21:07Z INFO CommandLineParser] Parse
[2022-01-26 08:21:07Z INFO CommandLineParser] Parsing 5 args
[2022-01-26 08:21:07Z INFO CommandLineParser] parsing argument
[2022-01-26 08:21:07Z INFO CommandLineParser] HasArgs: False
[2022-01-26 08:21:07Z INFO CommandLineParser] Adding Command: configure
[2022-01-26 08:21:07Z INFO CommandLineParser] parsing argument
[2022-01-26 08:21:07Z INFO CommandLineParser] HasArgs: True
[2022-01-26 08:21:07Z INFO CommandLineParser] arg: url
[2022-01-26 08:21:07Z INFO CommandLineParser] parsing argument
[2022-01-26 08:21:07Z INFO CommandLineParser] HasArgs: True
[2022-01-26 08:21:07Z INFO CommandLineParser] Adding option 'url': 'https://github.com/SOVANTHOEUN/datepickr'
[2022-01-26 08:21:07Z INFO CommandLineParser] parsing argument
[2022-01-26 08:21:07Z INFO CommandLineParser] HasArgs: True
[2022-01-26 08:21:07Z INFO CommandLineParser] arg: token
[2022-01-26 08:21:07Z INFO CommandLineParser] parsing argument
[2022-01-26 08:21:07Z INFO CommandLineParser] HasArgs: True
[2022-01-26 08:21:07Z INFO CommandLineParser] Adding option 'token': '***'
[2022-01-26 08:21:07Z INFO Listener] Arguments parsed
[2022-01-26 08:21:07Z INFO Runner] ExecuteCommand
[2022-01-26 08:21:07Z INFO ConfigurationStore] currentAssemblyLocation: C:\Users\SOVANTHOEUN\Desktop\GIT Workspace\datepickr\actions-runner\bin\Runner.Listener.dll
[2022-01-26 08:21:07Z INFO HostContext] Well known directory 'Bin': 'C:\Users\SOVANTHOEUN\Desktop\GIT Workspace\datepickr\actions-runner\bin'
[2022-01-26 08:21:07Z INFO ConfigurationStore] binPath: C:\Users\SOVANTHOEUN\Desktop\GIT Workspace\datepickr\actions-runner\bin
[2022-01-26 08:21:07Z INFO HostContext] Well known directory 'Bin': 'C:\Users\SOVANTHOEUN\Desktop\GIT Workspace\datepickr\actions-runner\bin'
[2022-01-26 08:21:07Z INFO HostContext] Well known directory 'Root': 'C:\Users\SOVANTHOEUN\Desktop\GIT Workspace\datepickr\actions-runner'
[2022-01-26 08:21:07Z INFO ConfigurationStore] RootFolder: C:\Users\SOVANTHOEUN\Desktop\GIT Workspace\datepickr\actions-runner
[2022-01-26 08:21:07Z INFO HostContext] Well known directory 'Bin': 'C:\Users\SOVANTHOEUN\Desktop\GIT Workspace\datepickr\actions-runner\bin'
[2022-01-26 08:21:07Z INFO HostContext] Well known directory 'Root': 'C:\Users\SOVANTHOEUN\Desktop\GIT Workspace\datepickr\actions-runner'
[2022-01-26 08:21:07Z INFO HostContext] Well known config file 'Runner': 'C:\Users\SOVANTHOEUN\Desktop\GIT Workspace\datepickr\actions-runner\.runner'
[2022-01-26 08:21:07Z INFO ConfigurationStore] ConfigFilePath: C:\Users\SOVANTHOEUN\Desktop\GIT Workspace\datepickr\actions-runner\.runner
[2022-01-26 08:21:07Z INFO HostContext] Well known directory 'Bin': 'C:\Users\SOVANTHOEUN\Desktop\GIT Workspace\datepickr\actions-runner\bin'
[2022-01-26 08:21:07Z INFO HostContext] Well known directory 'Root': 'C:\Users\SOVANTHOEUN\Desktop\GIT Workspace\datepickr\actions-runner'
[2022-01-26 08:21:07Z INFO HostContext] Well known config file 'Credentials': 'C:\Users\SOVANTHOEUN\Desktop\GIT Workspace\datepickr\actions-runner\.credentials'
[2022-01-26 08:21:07Z INFO ConfigurationStore] CredFilePath: C:\Users\SOVANTHOEUN\Desktop\GIT Workspace\datepickr\actions-runner\.credentials
[2022-01-26 08:21:07Z INFO HostContext] Well known directory 'Bin': 'C:\Users\SOVANTHOEUN\Desktop\GIT Workspace\datepickr\actions-runner\bin'
[2022-01-26 08:21:07Z INFO HostContext] Well known directory 'Root': 'C:\Users\SOVANTHOEUN\Desktop\GIT Workspace\datepickr\actions-runner'
[2022-01-26 08:21:07Z INFO HostContext] Well known config file 'MigratedCredentials': 'C:\Users\SOVANTHOEUN\Desktop\GIT Workspace\datepickr\actions-runner\.credentials_migrated'
[2022-01-26 08:21:07Z INFO ConfigurationStore] MigratedCredFilePath: C:\Users\SOVANTHOEUN\Desktop\GIT Workspace\datepickr\actions-runner\.credentials_migrated
[2022-01-26 08:21:07Z INFO HostContext] Well known directory 'Bin': 'C:\Users\SOVANTHOEUN\Desktop\GIT Workspace\datepickr\actions-runner\bin'
[2022-01-26 08:21:07Z INFO HostContext] Well known directory 'Root': 'C:\Users\SOVANTHOEUN\Desktop\GIT Workspace\datepickr\actions-runner'
[2022-01-26 08:21:07Z INFO HostContext] Well known config file 'Service': 'C:\Users\SOVANTHOEUN\Desktop\GIT Workspace\datepickr\actions-runner\.service'
[2022-01-26 08:21:07Z INFO ConfigurationStore] ServiceConfigFilePath: C:\Users\SOVANTHOEUN\Desktop\GIT Workspace\datepickr\actions-runner\.service
[2022-01-26 08:21:07Z INFO CommandSettings] Flag 'help': 'False'
[2022-01-26 08:21:07Z INFO CommandSettings] Flag 'version': 'False'
[2022-01-26 08:21:07Z INFO CommandSettings] Flag 'commit': 'False'
[2022-01-26 08:21:07Z INFO CommandSettings] Flag 'check': 'False'
[2022-01-26 08:21:07Z INFO CommandSettings] Command 'configure': 'True'
[2022-01-26 08:21:08Z INFO Terminal] WRITE LINE: 
[2022-01-26 08:21:08Z INFO Terminal] WRITE LINE: --------------------------------------------------------------------------------
[2022-01-26 08:21:08Z INFO Terminal] WRITE LINE: |        ____ _ _   _   _       _          _        _   _                      |
[2022-01-26 08:21:08Z INFO Terminal] WRITE LINE: |       / ___(_) |_| | | |_   _| |__      / \   ___| |_(_) ___  _ __  ___      |
[2022-01-26 08:21:08Z INFO Terminal] WRITE LINE: |      | |  _| | __| |_| | | | | '_ \    / _ \ / __| __| |/ _ \| '_ \/ __|     |
[2022-01-26 08:21:08Z INFO Terminal] WRITE LINE: |      | |_| | | |_|  _  | |_| | |_) |  / ___ \ (__| |_| | (_) | | | \__ \     |
[2022-01-26 08:21:08Z INFO Terminal] WRITE LINE: |       \____|_|\__|_| |_|\__,_|_.__/  /_/   \_\___|\__|_|\___/|_| |_|___/     |
[2022-01-26 08:21:08Z INFO Terminal] WRITE LINE: |                                                                              |
[2022-01-26 08:21:08Z INFO Terminal] WRITE: |                       
[2022-01-26 08:21:08Z INFO Terminal] WRITE: Self-hosted runner registration
[2022-01-26 08:21:08Z INFO Terminal] WRITE LINE:                         |
[2022-01-26 08:21:08Z INFO Terminal] WRITE LINE: |                                                                              |
[2022-01-26 08:21:08Z INFO Terminal] WRITE LINE: --------------------------------------------------------------------------------
[2022-01-26 08:21:08Z INFO ConfigurationManager] ConfigureAsync
[2022-01-26 08:21:08Z INFO ConfigurationStore] IsConfigured()
[2022-01-26 08:21:08Z INFO ConfigurationStore] IsConfigured: False
[2022-01-26 08:21:08Z INFO ConfigurationManager] Is configured: False
[2022-01-26 08:21:08Z INFO CommandSettings] Arg 'url': 'https://github.com/SOVANTHOEUN/datepickr'
[2022-01-26 08:21:08Z INFO CommandSettings] Remove url from Arg dictionary.
[2022-01-26 08:21:08Z INFO CommandSettings] Arg 'token': '***'
[2022-01-26 08:21:08Z INFO CommandSettings] Remove token from Arg dictionary.
[2022-01-26 08:21:08Z INFO ConfigurationManager] Http response code: OK from 'POST https://api.github.com/actions/runner-registration'
[2022-01-26 08:21:08Z INFO ConfigurationManager] cred retrieved via GitHub auth
[2022-01-26 08:21:08Z INFO RunnerServer] Establish connection with 100 seconds timeout.
[2022-01-26 08:21:08Z INFO GitHubActionsService] Starting operation Location.GetConnectionData
[2022-01-26 08:21:08Z INFO RunnerServer] Establish connection with 60 seconds timeout.
[2022-01-26 08:21:08Z INFO GitHubActionsService] Starting operation Location.GetConnectionData
[2022-01-26 08:21:08Z INFO RunnerServer] Establish connection with 60 seconds timeout.
[2022-01-26 08:21:08Z INFO GitHubActionsService] Starting operation Location.GetConnectionData
[2022-01-26 08:21:09Z INFO GitHubActionsService] Finished operation Location.GetConnectionData
[2022-01-26 08:21:09Z INFO GitHubActionsService] Finished operation Location.GetConnectionData
[2022-01-26 08:21:09Z INFO GitHubActionsService] Finished operation Location.GetConnectionData
[2022-01-26 08:21:09Z INFO Terminal] WRITE LINE: 
[2022-01-26 08:21:09Z INFO ConfigurationManager] Test Connection complete.
[2022-01-26 08:21:09Z INFO HostContext] Well known directory 'Bin': 'C:\Users\SOVANTHOEUN\Desktop\GIT Workspace\datepickr\actions-runner\bin'
[2022-01-26 08:21:09Z INFO HostContext] Well known directory 'Root': 'C:\Users\SOVANTHOEUN\Desktop\GIT Workspace\datepickr\actions-runner'
[2022-01-26 08:21:09Z INFO HostContext] Well known config file 'RSACredentials': 'C:\Users\SOVANTHOEUN\Desktop\GIT Workspace\datepickr\actions-runner\.credentials_rsaparams'
[2022-01-26 08:21:09Z INFO RSAEncryptedFileKeyManager] Creating new RSA key using 2048-bit key length
[2022-01-26 08:21:09Z INFO RSAEncryptedFileKeyManager] Successfully saved RSA key parameters to file C:\Users\SOVANTHOEUN\Desktop\GIT Workspace\datepickr\actions-runner\.credentials_rsaparams
[2022-01-26 08:21:10Z INFO CommandSettings] Arg 'runnergroup': ''
[2022-01-26 08:21:10Z INFO CommandSettings] Flag 'unattended': 'False'
[2022-01-26 08:21:10Z INFO PromptManager] ReadValue
[2022-01-26 08:21:10Z INFO Terminal] WRITE: Enter the name of the runner group to add this runner to: 
[2022-01-26 08:21:10Z INFO Terminal] WRITE: [press Enter for Default] 
[2022-01-26 08:21:10Z INFO Terminal] READ LINE
[2022-01-26 08:21:28Z INFO Terminal] Read value: ''
[2022-01-26 08:21:28Z INFO PromptManager] Falling back to the default: 'Default'
[2022-01-26 08:21:28Z INFO Terminal] WRITE LINE: 
[2022-01-26 08:21:28Z INFO ConfigurationManager] Found a self-hosted runner group with id 1 and name Default
[2022-01-26 08:21:28Z INFO CommandSettings] Flag 'ephemeral': 'False'
[2022-01-26 08:21:28Z INFO CommandSettings] Arg 'name': ''
[2022-01-26 08:21:28Z INFO CommandSettings] Flag 'unattended': 'False'
[2022-01-26 08:21:28Z INFO PromptManager] ReadValue
[2022-01-26 08:21:28Z INFO Terminal] WRITE: Enter the name of runner: 
[2022-01-26 08:21:28Z INFO Terminal] WRITE: [press Enter for BIZPLAY-웡소완튼] 
[2022-01-26 08:21:28Z INFO Terminal] READ LINE
[2022-01-26 08:21:31Z INFO Terminal] Read value: ''
[2022-01-26 08:21:31Z INFO PromptManager] Falling back to the default: 'BIZPLAY-웡소완튼'
[2022-01-26 08:21:31Z INFO Terminal] WRITE LINE: 
[2022-01-26 08:21:31Z INFO CommandSettings] Arg 'labels': ''
[2022-01-26 08:21:31Z INFO CommandSettings] Flag 'unattended': 'False'
[2022-01-26 08:21:31Z INFO PromptManager] ReadValue
[2022-01-26 08:21:31Z INFO Terminal] WRITE: This runner will have the following labels: 'self-hosted', 'Windows', 'X64' 
Enter any additional labels (ex. label-1,label-2): 
[2022-01-26 08:21:31Z INFO Terminal] WRITE: [press Enter to skip] 
[2022-01-26 08:21:31Z INFO Terminal] READ LINE
[2022-01-26 08:21:42Z INFO Terminal] Read value: ''
[2022-01-26 08:21:42Z INFO Terminal] WRITE LINE: 
[2022-01-26 08:21:42Z INFO ConfigurationStore] Saving OAuth credential @ C:\Users\SOVANTHOEUN\Desktop\GIT Workspace\datepickr\actions-runner\.credentials
[2022-01-26 08:21:42Z INFO ConfigurationStore] Credentials Saved.
[2022-01-26 08:21:42Z INFO ConfigurationStore] HasCredentials()
[2022-01-26 08:21:42Z INFO ConfigurationStore] stored True
[2022-01-26 08:21:42Z INFO CredentialManager] GetCredentialProvider
[2022-01-26 08:21:42Z INFO CredentialManager] Creating type OAuth
[2022-01-26 08:21:42Z INFO CredentialManager] Creating credential type: OAuth
[2022-01-26 08:21:42Z INFO RSAEncryptedFileKeyManager] Loading RSA key parameters from file C:\Users\SOVANTHOEUN\Desktop\GIT Workspace\datepickr\actions-runner\.credentials_rsaparams
[2022-01-26 08:21:42Z INFO RunnerServer] Establish connection with 100 seconds timeout.
[2022-01-26 08:21:42Z INFO GitHubActionsService] Starting operation Location.GetConnectionData
[2022-01-26 08:21:42Z INFO RunnerServer] Establish connection with 60 seconds timeout.
[2022-01-26 08:21:42Z INFO GitHubActionsService] Starting operation Location.GetConnectionData
[2022-01-26 08:21:42Z INFO RunnerServer] Establish connection with 60 seconds timeout.
[2022-01-26 08:21:42Z INFO GitHubActionsService] Starting operation Location.GetConnectionData
[2022-01-26 08:21:43Z INFO GitHubActionsService] Finished operation Location.GetConnectionData
[2022-01-26 08:21:43Z INFO GitHubActionsService] Finished operation Location.GetConnectionData
[2022-01-26 08:21:44Z INFO GitHubActionsService] Finished operation Location.GetConnectionData
[2022-01-26 08:21:44Z WARN GitHubActionsService] Authentication failed with status code 401.
WWW-Authenticate: Bearer
Strict-Transport-Security: max-age=2592000
X-TFS-ProcessId: 4ad861ca-a185-4d39-afb1-d170822bb436
ActivityId: 36699886-bba5-40ab-b5a0-7a86ca74e59b
X-TFS-Session: d56eb127-c6b2-4f99-8a34-219cabbd7022
X-VSS-E2EID: f9982c6b-dcf8-472f-ba5c-89c3723a0eaf
X-VSS-SenderDeploymentId: 2c974d96-2c30-cef5-eff2-3e0511a903a5
X-TFS-ServiceError: The+user+%27System%3aPublicAccess%3baaaaaaaa-aaaa-aaaa-aaaa-aaaaaaaaaaaa%27+is+not+authorized+to+access+this+resource.
X-VSS-S2STargetService: 0000005A-0000-8888-8000-000000000000/visualstudio.com
X-Cache: CONFIG_NOCACHE
X-MSEdge-Ref: Ref A: 62223F187D5C4D099F6A15DF12D9FC76 Ref B: SLAEDGE1106 Ref C: 2022-01-26T08:21:43Z
Date: Wed, 26 Jan 2022 08:21:43 GMT

[2022-01-26 08:21:44Z INFO RSAEncryptedFileKeyManager] Loading RSA key parameters from file C:\Users\SOVANTHOEUN\Desktop\GIT Workspace\datepickr\actions-runner\.credentials_rsaparams
[2022-01-26 08:21:44Z INFO RSAEncryptedFileKeyManager] Loading RSA key parameters from file C:\Users\SOVANTHOEUN\Desktop\GIT Workspace\datepickr\actions-runner\.credentials_rsaparams
[2022-01-26 08:21:44Z INFO GitHubActionsService] AAD Correlation ID for this token request: Unknown
[2022-01-26 08:21:44Z INFO CommandSettings] Arg 'work': ''
[2022-01-26 08:21:44Z INFO CommandSettings] Flag 'unattended': 'False'
[2022-01-26 08:21:44Z INFO PromptManager] ReadValue
[2022-01-26 08:21:44Z INFO Terminal] WRITE: Enter name of work folder: 
[2022-01-26 08:21:44Z INFO Terminal] WRITE: [press Enter for _work] 
[2022-01-26 08:21:44Z INFO Terminal] READ LINE
[2022-01-26 08:21:55Z INFO Terminal] Read value: ''
[2022-01-26 08:21:55Z INFO PromptManager] Falling back to the default: '_work'
[2022-01-26 08:21:55Z INFO ConfigurationStore] Saving runner settings.
[2022-01-26 08:21:55Z INFO ConfigurationStore] Settings Saved.
[2022-01-26 08:21:55Z INFO Terminal] WRITE LINE: 
[2022-01-26 08:21:55Z INFO Terminal] WRITE LINE: 
[2022-01-26 08:21:55Z INFO CommandSettings] Flag 'runasservice': 'False'
[2022-01-26 08:21:55Z INFO CommandSettings] Flag 'unattended': 'False'
[2022-01-26 08:21:55Z INFO PromptManager] ReadValue
[2022-01-26 08:21:55Z INFO Terminal] WRITE: Would you like to run the runner as service? (Y/N) 
[2022-01-26 08:21:55Z INFO Terminal] WRITE: [press Enter for N] 
[2022-01-26 08:21:55Z INFO Terminal] READ LINE
[2022-01-26 08:22:03Z INFO Terminal] Read value: 'y'
[2022-01-26 08:22:03Z INFO ConfigurationManager] Configuring to run the agent as service
[2022-01-26 08:22:03Z ERR  WindowsServiceControlManager] Needs Administrator privileges for configure runner as windows service.
[2022-01-26 08:22:03Z ERR  Runner] System.Security.SecurityException: Needs Administrator privileges for configuring runner as windows service.
   at GitHub.Runner.Listener.Configuration.WindowsServiceControlManager.ConfigureService(RunnerSettings settings, CommandSettings command)
   at GitHub.Runner.Listener.Configuration.ConfigurationManager.ConfigureAsync(CommandSettings command)
   at GitHub.Runner.Listener.Runner.ExecuteCommand(CommandSettings command)
[2022-01-26 08:22:03Z ERR  Terminal] WRITE ERROR: Needs Administrator privileges for configuring runner as windows service.
[2022-01-26 08:22:03Z INFO Listener] Runner execution has finished with return code 1
