[2022-01-26 08:25:45Z INFO HostContext] No proxy settings were found based on environmental variables (http_proxy/https_proxy/HTTP_PROXY/HTTPS_PROXY)
[2022-01-26 08:25:45Z INFO HostContext] Well known directory 'Bin': 'C:\Users\SOVANTHOEUN\Desktop\GIT Workspace\datepickr\actions-runner\bin'
[2022-01-26 08:25:45Z INFO HostContext] Well known directory 'Root': 'C:\Users\SOVANTHOEUN\Desktop\GIT Workspace\datepickr\actions-runner'
[2022-01-26 08:25:45Z INFO HostContext] Well known config file 'Credentials': 'C:\Users\SOVANTHOEUN\Desktop\GIT Workspace\datepickr\actions-runner\.credentials'
[2022-01-26 08:25:45Z INFO HostContext] Well known directory 'Bin': 'C:\Users\SOVANTHOEUN\Desktop\GIT Workspace\datepickr\actions-runner\bin'
[2022-01-26 08:25:45Z INFO HostContext] Well known directory 'Root': 'C:\Users\SOVANTHOEUN\Desktop\GIT Workspace\datepickr\actions-runner'
[2022-01-26 08:25:45Z INFO HostContext] Well known config file 'Runner': 'C:\Users\SOVANTHOEUN\Desktop\GIT Workspace\datepickr\actions-runner\.runner'
[2022-01-26 08:25:45Z INFO Listener] Runner is built for Windows (X64) - win-x64.
[2022-01-26 08:25:45Z INFO Listener] RuntimeInformation: Microsoft Windows 10.0.19043.
[2022-01-26 08:25:45Z INFO Listener] Version: 2.286.1
[2022-01-26 08:25:45Z INFO Listener] Commit: f4a2c808ebfde6798803139c41783fe2bf18a9a8
[2022-01-26 08:25:45Z INFO Listener] Culture: ko-KR
[2022-01-26 08:25:45Z INFO Listener] UI Culture: ko-KR
[2022-01-26 08:25:45Z INFO HostContext] Well known directory 'Bin': 'C:\Users\SOVANTHOEUN\Desktop\GIT Workspace\datepickr\actions-runner\bin'
[2022-01-26 08:25:45Z INFO HostContext] Well known directory 'Root': 'C:\Users\SOVANTHOEUN\Desktop\GIT Workspace\datepickr\actions-runner'
[2022-01-26 08:25:45Z INFO Listener] Validating directory permissions for: 'C:\Users\SOVANTHOEUN\Desktop\GIT Workspace\datepickr\actions-runner'
[2022-01-26 08:25:45Z INFO CommandLineParser] Parse
[2022-01-26 08:25:45Z INFO CommandLineParser] Parsing 1 args
[2022-01-26 08:25:45Z INFO CommandLineParser] parsing argument
[2022-01-26 08:25:45Z INFO CommandLineParser] HasArgs: False
[2022-01-26 08:25:45Z INFO CommandLineParser] Adding Command: run
[2022-01-26 08:25:45Z INFO Listener] Arguments parsed
[2022-01-26 08:25:45Z INFO Runner] ExecuteCommand
[2022-01-26 08:25:45Z INFO ConfigurationStore] currentAssemblyLocation: C:\Users\SOVANTHOEUN\Desktop\GIT Workspace\datepickr\actions-runner\bin\Runner.Listener.dll
[2022-01-26 08:25:45Z INFO HostContext] Well known directory 'Bin': 'C:\Users\SOVANTHOEUN\Desktop\GIT Workspace\datepickr\actions-runner\bin'
[2022-01-26 08:25:45Z INFO ConfigurationStore] binPath: C:\Users\SOVANTHOEUN\Desktop\GIT Workspace\datepickr\actions-runner\bin
[2022-01-26 08:25:45Z INFO HostContext] Well known directory 'Bin': 'C:\Users\SOVANTHOEUN\Desktop\GIT Workspace\datepickr\actions-runner\bin'
[2022-01-26 08:25:45Z INFO HostContext] Well known directory 'Root': 'C:\Users\SOVANTHOEUN\Desktop\GIT Workspace\datepickr\actions-runner'
[2022-01-26 08:25:45Z INFO ConfigurationStore] RootFolder: C:\Users\SOVANTHOEUN\Desktop\GIT Workspace\datepickr\actions-runner
[2022-01-26 08:25:45Z INFO HostContext] Well known directory 'Bin': 'C:\Users\SOVANTHOEUN\Desktop\GIT Workspace\datepickr\actions-runner\bin'
[2022-01-26 08:25:45Z INFO HostContext] Well known directory 'Root': 'C:\Users\SOVANTHOEUN\Desktop\GIT Workspace\datepickr\actions-runner'
[2022-01-26 08:25:45Z INFO HostContext] Well known config file 'Runner': 'C:\Users\SOVANTHOEUN\Desktop\GIT Workspace\datepickr\actions-runner\.runner'
[2022-01-26 08:25:45Z INFO ConfigurationStore] ConfigFilePath: C:\Users\SOVANTHOEUN\Desktop\GIT Workspace\datepickr\actions-runner\.runner
[2022-01-26 08:25:45Z INFO HostContext] Well known directory 'Bin': 'C:\Users\SOVANTHOEUN\Desktop\GIT Workspace\datepickr\actions-runner\bin'
[2022-01-26 08:25:45Z INFO HostContext] Well known directory 'Root': 'C:\Users\SOVANTHOEUN\Desktop\GIT Workspace\datepickr\actions-runner'
[2022-01-26 08:25:45Z INFO HostContext] Well known config file 'Credentials': 'C:\Users\SOVANTHOEUN\Desktop\GIT Workspace\datepickr\actions-runner\.credentials'
[2022-01-26 08:25:45Z INFO ConfigurationStore] CredFilePath: C:\Users\SOVANTHOEUN\Desktop\GIT Workspace\datepickr\actions-runner\.credentials
[2022-01-26 08:25:45Z INFO HostContext] Well known directory 'Bin': 'C:\Users\SOVANTHOEUN\Desktop\GIT Workspace\datepickr\actions-runner\bin'
[2022-01-26 08:25:45Z INFO HostContext] Well known directory 'Root': 'C:\Users\SOVANTHOEUN\Desktop\GIT Workspace\datepickr\actions-runner'
[2022-01-26 08:25:45Z INFO HostContext] Well known config file 'MigratedCredentials': 'C:\Users\SOVANTHOEUN\Desktop\GIT Workspace\datepickr\actions-runner\.credentials_migrated'
[2022-01-26 08:25:45Z INFO ConfigurationStore] MigratedCredFilePath: C:\Users\SOVANTHOEUN\Desktop\GIT Workspace\datepickr\actions-runner\.credentials_migrated
[2022-01-26 08:25:45Z INFO HostContext] Well known directory 'Bin': 'C:\Users\SOVANTHOEUN\Desktop\GIT Workspace\datepickr\actions-runner\bin'
[2022-01-26 08:25:45Z INFO HostContext] Well known directory 'Root': 'C:\Users\SOVANTHOEUN\Desktop\GIT Workspace\datepickr\actions-runner'
[2022-01-26 08:25:45Z INFO HostContext] Well known config file 'Service': 'C:\Users\SOVANTHOEUN\Desktop\GIT Workspace\datepickr\actions-runner\.service'
[2022-01-26 08:25:45Z INFO ConfigurationStore] ServiceConfigFilePath: C:\Users\SOVANTHOEUN\Desktop\GIT Workspace\datepickr\actions-runner\.service
[2022-01-26 08:25:45Z INFO CommandSettings] Flag 'help': 'False'
[2022-01-26 08:25:45Z INFO CommandSettings] Flag 'version': 'False'
[2022-01-26 08:25:45Z INFO CommandSettings] Flag 'commit': 'False'
[2022-01-26 08:25:45Z INFO CommandSettings] Flag 'check': 'False'
[2022-01-26 08:25:45Z INFO CommandSettings] Command 'configure': 'False'
[2022-01-26 08:25:45Z INFO CommandSettings] Command 'remove': 'False'
[2022-01-26 08:25:45Z INFO CommandSettings] Command 'warmup': 'False'
[2022-01-26 08:25:45Z INFO ConfigurationManager] LoadSettings
[2022-01-26 08:25:45Z INFO ConfigurationStore] IsConfigured()
[2022-01-26 08:25:45Z INFO ConfigurationStore] IsConfigured: True
[2022-01-26 08:25:45Z INFO ConfigurationManager] Is configured: True
[2022-01-26 08:25:45Z INFO ConfigurationStore] Read setting file: 299 chars
[2022-01-26 08:25:45Z INFO ConfigurationManager] Settings Loaded
[2022-01-26 08:25:45Z INFO ConfigurationStore] IsServiceConfigured()
[2022-01-26 08:25:45Z INFO ConfigurationStore] IsServiceConfigured: False
[2022-01-26 08:25:45Z INFO CommandSettings] Command 'run': 'True'
[2022-01-26 08:25:45Z INFO ConfigurationStore] IsConfigured()
[2022-01-26 08:25:45Z INFO ConfigurationStore] IsConfigured: True
[2022-01-26 08:25:45Z INFO ConfigurationManager] Is configured: True
[2022-01-26 08:25:45Z INFO Runner] Could not parse the argument value '' for StartupType. Defaulting to Manual
[2022-01-26 08:25:45Z INFO Runner] Set runner startup type - Manual
[2022-01-26 08:25:45Z INFO CommandSettings] Flag 'once': 'False'
[2022-01-26 08:25:45Z INFO CommandSettings] Flag 'once': 'False'
[2022-01-26 08:25:45Z INFO Runner] RunAsync
[2022-01-26 08:25:45Z INFO ConfigurationManager] LoadSettings
[2022-01-26 08:25:45Z INFO ConfigurationStore] IsConfigured()
[2022-01-26 08:25:45Z INFO ConfigurationStore] IsConfigured: True
[2022-01-26 08:25:45Z INFO ConfigurationManager] Is configured: True
[2022-01-26 08:25:45Z INFO ConfigurationManager] Settings Loaded
[2022-01-26 08:25:45Z INFO MessageListener] {
  "AgentId": 21,
  "AgentName": "BIZPLAY-웡소완튼",
  "PoolId": 1,
  "PoolName": "Default",
  "ServerUrl": "https://pipelines.actions.githubusercontent.com/gzLaVMOfL6WLcMQJE1LpMUjJasDbxlWXCjNEnezJN7c5O6iKrA",
  "GitHubUrl": "https://github.com/SOVANTHOEUN/datepickr",
  "WorkFolder": "_work"
}
[2022-01-26 08:25:45Z INFO MessageListener] Loading Credentials
[2022-01-26 08:25:45Z INFO ConfigurationStore] HasCredentials()
[2022-01-26 08:25:45Z INFO ConfigurationStore] stored True
[2022-01-26 08:25:45Z INFO CredentialManager] GetCredentialProvider
[2022-01-26 08:25:45Z INFO CredentialManager] Creating type OAuth
[2022-01-26 08:25:45Z INFO CredentialManager] Creating credential type: OAuth
[2022-01-26 08:25:45Z INFO HostContext] Well known directory 'Bin': 'C:\Users\SOVANTHOEUN\Desktop\GIT Workspace\datepickr\actions-runner\bin'
[2022-01-26 08:25:45Z INFO HostContext] Well known directory 'Root': 'C:\Users\SOVANTHOEUN\Desktop\GIT Workspace\datepickr\actions-runner'
[2022-01-26 08:25:45Z INFO HostContext] Well known config file 'RSACredentials': 'C:\Users\SOVANTHOEUN\Desktop\GIT Workspace\datepickr\actions-runner\.credentials_rsaparams'
[2022-01-26 08:25:45Z INFO RSAEncryptedFileKeyManager] Loading RSA key parameters from file C:\Users\SOVANTHOEUN\Desktop\GIT Workspace\datepickr\actions-runner\.credentials_rsaparams
[2022-01-26 08:25:45Z INFO MessageListener] Attempt to create session.
[2022-01-26 08:25:45Z INFO MessageListener] Connecting to the Runner Server...
[2022-01-26 08:25:45Z INFO RunnerServer] Establish connection with 100 seconds timeout.
[2022-01-26 08:25:45Z INFO GitHubActionsService] Starting operation Location.GetConnectionData
[2022-01-26 08:25:45Z INFO RunnerServer] Establish connection with 60 seconds timeout.
[2022-01-26 08:25:45Z INFO GitHubActionsService] Starting operation Location.GetConnectionData
[2022-01-26 08:25:45Z INFO RunnerServer] Establish connection with 60 seconds timeout.
[2022-01-26 08:25:45Z INFO GitHubActionsService] Starting operation Location.GetConnectionData
[2022-01-26 08:25:46Z INFO GitHubActionsService] Finished operation Location.GetConnectionData
[2022-01-26 08:25:46Z INFO GitHubActionsService] Finished operation Location.GetConnectionData
[2022-01-26 08:25:46Z INFO GitHubActionsService] Finished operation Location.GetConnectionData
[2022-01-26 08:25:46Z INFO MessageListener] VssConnection created
[2022-01-26 08:25:46Z INFO Terminal] WRITE LINE: 
[2022-01-26 08:25:46Z INFO Terminal] WRITE LINE: 
[2022-01-26 08:25:47Z WARN GitHubActionsService] Authentication failed with status code 401.
WWW-Authenticate: Bearer
Strict-Transport-Security: max-age=2592000
X-TFS-ProcessId: d04f47c2-796d-4263-996c-1d2d5cce2d35
ActivityId: 006172b3-e122-4d04-9a0d-e44435ff8745
X-TFS-Session: b29fda49-c259-41b9-a88a-28636beaa0a8
X-VSS-E2EID: dd362bc8-5dc6-4ee5-b5f2-166278a2ab14
X-VSS-SenderDeploymentId: 2c974d96-2c30-cef5-eff2-3e0511a903a5
X-TFS-ServiceError: The+user+%27System%3aPublicAccess%3baaaaaaaa-aaaa-aaaa-aaaa-aaaaaaaaaaaa%27+is+not+authorized+to+access+this+resource.
X-VSS-S2STargetService: 0000005A-0000-8888-8000-000000000000/visualstudio.com
X-Cache: CONFIG_NOCACHE
X-MSEdge-Ref: Ref A: 505C76918A87486AAE5467ED9A310A30 Ref B: SLAEDGE1118 Ref C: 2022-01-26T08:25:46Z
Date: Wed, 26 Jan 2022 08:25:46 GMT

[2022-01-26 08:25:47Z INFO RSAEncryptedFileKeyManager] Loading RSA key parameters from file C:\Users\SOVANTHOEUN\Desktop\GIT Workspace\datepickr\actions-runner\.credentials_rsaparams
[2022-01-26 08:25:47Z INFO RSAEncryptedFileKeyManager] Loading RSA key parameters from file C:\Users\SOVANTHOEUN\Desktop\GIT Workspace\datepickr\actions-runner\.credentials_rsaparams
[2022-01-26 08:25:47Z INFO GitHubActionsService] AAD Correlation ID for this token request: Unknown
[2022-01-26 08:25:47Z INFO MessageListener] Session created.
[2022-01-26 08:25:47Z INFO Terminal] WRITE LINE: Current runner version: '2.286.1'
[2022-01-26 08:25:47Z INFO Terminal] WRITE LINE: 2022-01-26 08:25:47Z: Listening for Jobs
[2022-01-26 08:25:47Z INFO JobDispatcher] Set runner/worker IPC timeout to 30 seconds.
[2022-01-26 08:27:19Z INFO RSAEncryptedFileKeyManager] Loading RSA key parameters from file C:\Users\SOVANTHOEUN\Desktop\GIT Workspace\datepickr\actions-runner\.credentials_rsaparams
[2022-01-26 08:27:19Z INFO MessageListener] Message '1' received from session '561d9e39-200f-4534-8270-244b953415c3'.
[2022-01-26 08:27:19Z INFO JobDispatcher] Job request 1 for plan 586ff023-260e-462f-9107-cbe87c71fd93 job ca395085-040a-526b-2ce8-bdc85f692774 received.
[2022-01-26 08:27:19Z INFO JobDispatcher] Pull OrchestrationId 586ff023-260e-462f-9107-cbe87c71fd93.build.__default from JWT claims
[2022-01-26 08:27:19Z INFO Terminal] WRITE LINE: 2022-01-26 08:27:19Z: Running job: Update this repo's README with recent activity
[2022-01-26 08:27:19Z INFO JobDispatcher] Start renew job request 1 for job ca395085-040a-526b-2ce8-bdc85f692774.
[2022-01-26 08:27:19Z INFO JobDispatcher] Successfully renew job request 1, job is valid till 2022-01-26 오전 8:37:19
[2022-01-26 08:27:19Z INFO HostContext] Well known directory 'Bin': 'C:\Users\SOVANTHOEUN\Desktop\GIT Workspace\datepickr\actions-runner\bin'
[2022-01-26 08:27:19Z INFO ProcessInvokerWrapper] Starting process:
[2022-01-26 08:27:19Z INFO ProcessInvokerWrapper]   File name: 'C:\Users\SOVANTHOEUN\Desktop\GIT Workspace\datepickr\actions-runner\bin\Runner.Worker.exe'
[2022-01-26 08:27:19Z INFO ProcessInvokerWrapper]   Arguments: 'spawnclient 2532 2544'
[2022-01-26 08:27:19Z INFO ProcessInvokerWrapper]   Working directory: 'C:\Users\SOVANTHOEUN\Desktop\GIT Workspace\datepickr\actions-runner\bin'
[2022-01-26 08:27:19Z INFO ProcessInvokerWrapper]   Require exit code zero: 'False'
[2022-01-26 08:27:19Z INFO ProcessInvokerWrapper]   Encoding web name:  ; code page: ''
[2022-01-26 08:27:19Z INFO ProcessInvokerWrapper]   Force kill process on cancellation: 'True'
[2022-01-26 08:27:19Z INFO ProcessInvokerWrapper]   Redirected STDIN: 'False'
[2022-01-26 08:27:19Z INFO ProcessInvokerWrapper]   Persist current code page: 'False'
[2022-01-26 08:27:19Z INFO ProcessInvokerWrapper]   Keep redirected STDIN open: 'False'
[2022-01-26 08:27:19Z INFO ProcessInvokerWrapper]   High priority process: 'True'
[2022-01-26 08:27:19Z INFO ProcessInvokerWrapper] Process started with process id 10792, waiting for process exit.
[2022-01-26 08:27:19Z INFO JobDispatcher] Send job request message to worker for job ca395085-040a-526b-2ce8-bdc85f692774.
[2022-01-26 08:27:19Z INFO ProcessChannel] Sending message of length 20315, with hash 'b296a540735097d20e9781f2c8d01fab806ad8a639bee63e5906c0f9d0b878f8'
[2022-01-26 08:27:20Z INFO JobNotification] Entering JobStarted Notification
[2022-01-26 08:27:20Z INFO JobNotification] Entering StartMonitor
[2022-01-26 08:28:00Z INFO ProcessInvokerWrapper] STDOUT/STDERR stream read finished.
[2022-01-26 08:28:00Z INFO ProcessInvokerWrapper] STDOUT/STDERR stream read finished.
[2022-01-26 08:28:00Z INFO ProcessInvokerWrapper] Finished process 10792 with exit code 102, and elapsed time 00:00:40.5973759.
[2022-01-26 08:28:00Z INFO JobDispatcher] Worker finished for job ca395085-040a-526b-2ce8-bdc85f692774. Code: 102
[2022-01-26 08:28:00Z INFO JobDispatcher] finish job request for job ca395085-040a-526b-2ce8-bdc85f692774 with result: Failed
[2022-01-26 08:28:00Z INFO Terminal] WRITE LINE: 2022-01-26 08:28:00Z: Job Update this repo's README with recent activity completed with result: Failed
[2022-01-26 08:28:00Z INFO JobDispatcher] Stop renew job request for job ca395085-040a-526b-2ce8-bdc85f692774.
[2022-01-26 08:28:00Z INFO JobDispatcher] job renew has been canceled, stop renew job request 1.
[2022-01-26 08:28:00Z INFO JobNotification] Entering JobCompleted Notification
[2022-01-26 08:28:00Z INFO JobNotification] Entering EndMonitor
