[2022-01-26 08:27:20Z INFO HostContext] No proxy settings were found based on environmental variables (http_proxy/https_proxy/HTTP_PROXY/HTTPS_PROXY)
[2022-01-26 08:27:20Z INFO HostContext] Well known directory 'Bin': 'C:\Users\SOVANTHOEUN\Desktop\GIT Workspace\datepickr\actions-runner\bin'
[2022-01-26 08:27:20Z INFO HostContext] Well known directory 'Root': 'C:\Users\SOVANTHOEUN\Desktop\GIT Workspace\datepickr\actions-runner'
[2022-01-26 08:27:20Z INFO HostContext] Well known config file 'Credentials': 'C:\Users\SOVANTHOEUN\Desktop\GIT Workspace\datepickr\actions-runner\.credentials'
[2022-01-26 08:27:20Z INFO HostContext] Well known directory 'Bin': 'C:\Users\SOVANTHOEUN\Desktop\GIT Workspace\datepickr\actions-runner\bin'
[2022-01-26 08:27:20Z INFO HostContext] Well known directory 'Root': 'C:\Users\SOVANTHOEUN\Desktop\GIT Workspace\datepickr\actions-runner'
[2022-01-26 08:27:20Z INFO HostContext] Well known config file 'Runner': 'C:\Users\SOVANTHOEUN\Desktop\GIT Workspace\datepickr\actions-runner\.runner'
[2022-01-26 08:27:20Z INFO Worker] Version: 2.286.1
[2022-01-26 08:27:20Z INFO Worker] Commit: f4a2c808ebfde6798803139c41783fe2bf18a9a8
[2022-01-26 08:27:20Z INFO Worker] Culture: ko-KR
[2022-01-26 08:27:20Z INFO Worker] UI Culture: ko-KR
[2022-01-26 08:27:20Z INFO Worker] Waiting to receive the job message from the channel.
[2022-01-26 08:27:20Z INFO ProcessChannel] Receiving message of length 20315, with hash 'b296a540735097d20e9781f2c8d01fab806ad8a639bee63e5906c0f9d0b878f8'
[2022-01-26 08:27:20Z INFO Worker] Message received.
[2022-01-26 08:27:20Z INFO Worker] Job message:
 {
  "fileTable": [
    ".github/workflows/update-readme.yml"
  ],
  "mask": [
    {
      "type": "regex",
      "value": "***"
    },
    {
      "type": "regex",
      "value": "***"
    },
    {
      "type": "regex",
      "value": "***"
    },
    {
      "type": "regex",
      "value": "***"
    },
    {
      "type": "regex",
      "value": "***"
    },
    {
      "type": "regex",
      "value": "***"
    },
    {
      "type": "regex",
      "value": "***"
    },
    {
      "type": "regex",
      "value": "***"
    },
    {
      "type": "regex",
      "value": "***"
    }
  ],
  "steps": [
    {
      "type": "action",
      "reference": {
        "type": "repository",
        "name": "actions/checkout",
        "ref": "master",
        "repositoryType": "GitHub",
        "path": ""
      },
      "contextName": "__actions_checkout",
      "condition": "success()",
      "id": "a60052d4-79a0-5821-3eeb-84adb9872c5b",
      "name": "__actions_checkout"
    },
    {
      "type": "action",
      "reference": {
        "type": "repository",
        "name": "SOVANTHOEUN/datepickr",
        "ref": "master",
        "repositoryType": "GitHub",
        "path": ""
      },
      "contextName": "__SOVANTHOEUN_datepickr",
      "environment": {
        "type": 2,
        "file": 1,
        "line": 11,
        "col": 11,
        "map": [
          {
            "key": {
              "type": 0,
              "file": 1,
              "line": 11,
              "col": 11,
              "lit": "GITHUB_TOKEN"
            },
            "value": {
              "type": 3,
              "file": 1,
              "line": 11,
              "col": 25,
              "expr": "secrets.GITHUB_TOKEN"
            }
          }
        ]
      },
      "inputs": {
        "type": 2,
        "file": 1,
        "line": 13,
        "col": 11,
        "map": [
          {
            "key": {
              "type": 0,
              "file": 1,
              "line": 13,
              "col": 11,
              "lit": "fetch-depth"
            },
            "value": {
              "type": 0,
              "file": 1,
              "line": 13,
              "col": 24,
              "lit": "0"
            }
          },
          {
            "key": {
              "type": 0,
              "file": 1,
              "line": 14,
              "col": 11,
              "lit": "ref"
            },
            "value": {
              "type": 0,
              "file": 1,
              "line": 14,
              "col": 16,
              "lit": "master"
            }
          },
          {
            "key": {
              "type": 0,
              "file": 1,
              "line": 15,
              "col": 11,
              "lit": "repository"
            },
            "value": {
              "type": 0,
              "file": 1,
              "line": 15,
              "col": 23,
              "lit": "SOVANTHOEUN/datepickr"
            }
          },
          {
            "key": {
              "type": 0,
              "file": 1,
              "line": 16,
              "col": 11,
              "lit": "COMMIT_MSG"
            },
            "value": {
              "type": 0,
              "file": 1,
              "line": 16,
              "col": 23,
              "lit": "Updated README with recent activity"
            }
          },
          {
            "key": {
              "type": 0,
              "file": 1,
              "line": 17,
              "col": 11,
              "lit": "MAX_LINES"
            },
            "value": {
              "type": 0,
              "file": 1,
              "line": 17,
              "col": 22,
              "lit": "10"
            }
          }
        ]
      },
      "condition": "success()",
      "id": "64b5242c-7c14-5e83-6f43-d240c1979476",
      "name": "__SOVANTHOEUN_datepickr"
    }
  ],
  "variables": {
    "system.isScheduled": {
      "value": "False"
    },
    "system.servertype": {
      "value": "Hosted"
    },
    "system.culture": {
      "value": "en-US"
    },
    "system.pipelineStartTime": {
      "value": "2022-01-26 08:27:16+00:00"
    },
    "system.runner.lowdiskspacethreshold": {
      "value": "100"
    },
    "DistributedTask.NewActionMetadata": {
      "value": "true"
    },
    "DistributedTask.EnableCompositeActions": {
      "value": "true"
    },
    "DistributedTask.EnhancedAnnotations": {
      "value": "true"
    },
    "system.teamProjectId": {
      "value": "00000000-0000-0000-0000-000000000000"
    },
    "build.buildId": {
      "value": "38"
    },
    "build.containerId": {
      "value": "486600"
    },
    "system.workflowFilePath": {
      "value": ".github/workflows/update-readme.yml"
    },
    "system.phaseDisplayName": {
      "value": "Update this repo's README with recent activity"
    },
    "system.phaseId": {
      "value": "6884a131-87da-5381-61f3-d7acc3b91d76"
    },
    "system.phaseName": {
      "value": "build"
    },
    "system.phaseAttempt": {
      "value": "1"
    },
    "system.jobIdentifier": {
      "value": "build.__default"
    },
    "system.jobAttempt": {
      "value": "1"
    },
    "System.JobPositionInPhase": {
      "value": "1"
    },
    "System.TotalJobsInPhase": {
      "value": "1"
    },
    "system.github.job": {
      "value": "build"
    },
    "system.jobDisplayName": {
      "value": "Update this repo's README with recent activity"
    },
    "system.jobId": {
      "value": "ca395085-040a-526b-2ce8-bdc85f692774"
    },
    "system.jobName": {
      "value": "__default"
    },
    "system.github.token.permissions": {
      "value": "{\"Actions\":\"write\",\"Checks\":\"write\",\"Contents\":\"write\",\"Deployments\":\"write\",\"Discussions\":\"write\",\"Issues\":\"write\",\"Metadata\":\"read\",\"Packages\":\"write\",\"Pages\":\"write\",\"PullRequests\":\"write\",\"RepositoryProjects\":\"write\",\"SecurityEvents\":\"write\",\"Statuses\":\"write\"}"
    },
    "system.github.token": {
      "value": "***",
      "isSecret": true
    },
    "github_token": {
      "value": "***",
      "isSecret": true
    },
    "system.runnerGroupName": {
      "value": "Default"
    }
  },
  "messageType": "PipelineAgentJobRequest",
  "plan": {
    "scopeIdentifier": "00000000-0000-0000-0000-000000000000",
    "planType": "Actions",
    "version": 21,
    "planId": "586ff023-260e-462f-9107-cbe87c71fd93",
    "planGroup": "Actions:00000000-0000-0000-0000-000000000000:1",
    "artifactUri": "vstfs:///Build/Build/38",
    "artifactLocation": null,
    "definition": {
      "_links": {},
      "id": 3,
      "name": "datepickr"
    },
    "owner": {
      "_links": {},
      "id": 3,
      "name": "SOVANTHOEUN"
    }
  },
  "timeline": {
    "id": "586ff023-260e-462f-9107-cbe87c71fd93",
    "changeId": 0,
    "location": null
  },
  "jobId": "ca395085-040a-526b-2ce8-bdc85f692774",
  "jobDisplayName": "Update this repo's README with recent activity",
  "jobName": "__default",
  "requestId": 1,
  "lockedUntil": "0001-01-01T00:00:00",
  "resources": {
    "endpoints": [
      {
        "data": {
          "ServerId": "c22f3bfa-8b90-4b93-9ebb-51f42bda7499",
          "ServerName": "gzLaVMOfL6WLcMQJE1LpMUjJasDbxlWXCjNEnezJN7c5O6iKrA",
          "CacheServerUrl": "https://artifactcache.actions.githubusercontent.com/gzLaVMOfL6WLcMQJE1LpMUjJasDbxlWXCjNEnezJN7c5O6iKrA/"
        },
        "name": "SystemVssConnection",
        "url": "https://pipelines.actions.githubusercontent.com/gzLaVMOfL6WLcMQJE1LpMUjJasDbxlWXCjNEnezJN7c5O6iKrA/",
        "authorization": {
          "parameters": {
            "AccessToken": ***
          },
          "scheme": "OAuth"
        },
        "isShared": false,
        "isReady": true
      }
    ]
  },
  "contextData": {
    "github": {
      "t": 2,
      "d": [
        {
          "k": "ref",
          "v": "refs/heads/master"
        },
        {
          "k": "sha",
          "v": "0b83c3d3b101951bb0ee1142458b5765305357f0"
        },
        {
          "k": "repository",
          "v": "SOVANTHOEUN/datepickr"
        },
        {
          "k": "repository_owner",
          "v": "SOVANTHOEUN"
        },
        {
          "k": "repositoryUrl",
          "v": "git://github.com/SOVANTHOEUN/datepickr.git"
        },
        {
          "k": "run_id",
          "v": "1749787791"
        },
        {
          "k": "run_number",
          "v": "52"
        },
        {
          "k": "retention_days",
          "v": "90"
        },
        {
          "k": "run_attempt",
          "v": "1"
        },
        {
          "k": "actor",
          "v": "SOVANTHOEUN"
        },
        {
          "k": "workflow",
          "v": "Update README"
        },
        {
          "k": "head_ref",
          "v": ""
        },
        {
          "k": "base_ref",
          "v": ""
        },
        {
          "k": "event_name",
          "v": "push"
        },
        {
          "k": "event",
          "v": {
            "t": 2,
            "d": [
              {
                "k": "after",
                "v": "0b83c3d3b101951bb0ee1142458b5765305357f0"
              },
              {
                "k": "base_ref",
                "v": null
              },
              {
                "k": "before",
                "v": "ed41d36ca8edef08290a00aa4efaf07d03acb406"
              },
              {
                "k": "commits",
                "v": {
                  "t": 1,
                  "a": [
                    {
                      "t": 2,
                      "d": [
                        {
                          "k": "author",
                          "v": {
                            "t": 2,
                            "d": [
                              {
                                "k": "email",
                                "v": "sovanbunthoeunvoung@gmail.com"
                              },
                              {
                                "k": "name",
                                "v": "sovanthoeun"
                              },
                              {
                                "k": "username",
                                "v": "SOVANTHOEUN"
                              }
                            ]
                          }
                        },
                        {
                          "k": "committer",
                          "v": {
                            "t": 2,
                            "d": [
                              {
                                "k": "email",
                                "v": "sovanbunthoeunvoung@gmail.com"
                              },
                              {
                                "k": "name",
                                "v": "sovanthoeun"
                              },
                              {
                                "k": "username",
                                "v": "SOVANTHOEUN"
                              }
                            ]
                          }
                        },
                        {
                          "k": "distinct",
                          "v": true
                        },
                        {
                          "k": "id",
                          "v": "0b83c3d3b101951bb0ee1142458b5765305357f0"
                        },
                        {
                          "k": "message",
                          "v": "YML master 24"
                        },
                        {
                          "k": "timestamp",
                          "v": "2022-01-26T17:26:36+09:00"
                        },
                        {
                          "k": "tree_id",
                          "v": "bb63b76594815b98de9dedd0c055e9158a0fde83"
                        },
                        {
                          "k": "url",
                          "v": "https://github.com/SOVANTHOEUN/datepickr/commit/0b83c3d3b101951bb0ee1142458b5765305357f0"
                        }
                      ]
                    }
                  ]
                }
              },
              {
                "k": "compare",
                "v": "https://github.com/SOVANTHOEUN/datepickr/compare/ed41d36ca8ed...0b83c3d3b101"
              },
              {
                "k": "created",
                "v": false
              },
              {
                "k": "deleted",
                "v": false
              },
              {
                "k": "forced",
                "v": false
              },
              {
                "k": "head_commit",
                "v": {
                  "t": 2,
                  "d": [
                    {
                      "k": "author",
                      "v": {
                        "t": 2,
                        "d": [
                          {
                            "k": "email",
                            "v": "sovanbunthoeunvoung@gmail.com"
                          },
                          {
                            "k": "name",
                            "v": "sovanthoeun"
                          },
                          {
                            "k": "username",
                            "v": "SOVANTHOEUN"
                          }
                        ]
                      }
                    },
                    {
                      "k": "committer",
                      "v": {
                        "t": 2,
                        "d": [
                          {
                            "k": "email",
                            "v": "sovanbunthoeunvoung@gmail.com"
                          },
                          {
                            "k": "name",
                            "v": "sovanthoeun"
                          },
                          {
                            "k": "username",
                            "v": "SOVANTHOEUN"
                          }
                        ]
                      }
                    },
                    {
                      "k": "distinct",
                      "v": true
                    },
                    {
                      "k": "id",
                      "v": "0b83c3d3b101951bb0ee1142458b5765305357f0"
                    },
                    {
                      "k": "message",
                      "v": "YML master 24"
                    },
                    {
                      "k": "timestamp",
                      "v": "2022-01-26T17:26:36+09:00"
                    },
                    {
                      "k": "tree_id",
                      "v": "bb63b76594815b98de9dedd0c055e9158a0fde83"
                    },
                    {
                      "k": "url",
                      "v": "https://github.com/SOVANTHOEUN/datepickr/commit/0b83c3d3b101951bb0ee1142458b5765305357f0"
                    }
                  ]
                }
              },
              {
                "k": "pusher",
                "v": {
                  "t": 2,
                  "d": [
                    {
                      "k": "email",
                      "v": "sovanbunthoeunvoung@gmail.com"
                    },
                    {
                      "k": "name",
                      "v": "SOVANTHOEUN"
                    }
                  ]
                }
              },
              {
                "k": "ref",
                "v": "refs/heads/master"
              },
              {
                "k": "repository",
                "v": {
                  "t": 2,
                  "d": [
                    {
                      "k": "allow_forking",
                      "v": true
                    },
                    {
                      "k": "archive_url",
                      "v": "https://api.github.com/repos/SOVANTHOEUN/datepickr/{archive_format}{/ref}"
                    },
                    {
                      "k": "archived",
                      "v": false
                    },
                    {
                      "k": "assignees_url",
                      "v": "https://api.github.com/repos/SOVANTHOEUN/datepickr/assignees{/user}"
                    },
                    {
                      "k": "blobs_url",
                      "v": "https://api.github.com/repos/SOVANTHOEUN/datepickr/git/blobs{/sha}"
                    },
                    {
                      "k": "branches_url",
                      "v": "https://api.github.com/repos/SOVANTHOEUN/datepickr/branches{/branch}"
                    },
                    {
                      "k": "clone_url",
                      "v": "https://github.com/SOVANTHOEUN/datepickr.git"
                    },
                    {
                      "k": "collaborators_url",
                      "v": "https://api.github.com/repos/SOVANTHOEUN/datepickr/collaborators{/collaborator}"
                    },
                    {
                      "k": "comments_url",
                      "v": "https://api.github.com/repos/SOVANTHOEUN/datepickr/comments{/number}"
                    },
                    {
                      "k": "commits_url",
                      "v": "https://api.github.com/repos/SOVANTHOEUN/datepickr/commits{/sha}"
                    },
                    {
                      "k": "compare_url",
                      "v": "https://api.github.com/repos/SOVANTHOEUN/datepickr/compare/{base}...{head}"
                    },
                    {
                      "k": "contents_url",
                      "v": "https://api.github.com/repos/SOVANTHOEUN/datepickr/contents/{+path}"
                    },
                    {
                      "k": "contributors_url",
                      "v": "https://api.github.com/repos/SOVANTHOEUN/datepickr/contributors"
                    },
                    {
                      "k": "created_at",
                      "v": 1642839621.0
                    },
                    {
                      "k": "default_branch",
                      "v": "master"
                    },
                    {
                      "k": "deployments_url",
                      "v": "https://api.github.com/repos/SOVANTHOEUN/datepickr/deployments"
                    },
                    {
                      "k": "description",
                      "v": null
                    },
                    {
                      "k": "disabled",
                      "v": false
                    },
                    {
                      "k": "downloads_url",
                      "v": "https://api.github.com/repos/SOVANTHOEUN/datepickr/downloads"
                    },
                    {
                      "k": "events_url",
                      "v": "https://api.github.com/repos/SOVANTHOEUN/datepickr/events"
                    },
                    {
                      "k": "fork",
                      "v": false
                    },
                    {
                      "k": "forks",
                      "v": 0.0
                    },
                    {
                      "k": "forks_count",
                      "v": 0.0
                    },
                    {
                      "k": "forks_url",
                      "v": "https://api.github.com/repos/SOVANTHOEUN/datepickr/forks"
                    },
                    {
                      "k": "full_name",
                      "v": "SOVANTHOEUN/datepickr"
                    },
                    {
                      "k": "git_commits_url",
                      "v": "https://api.github.com/repos/SOVANTHOEUN/datepickr/git/commits{/sha}"
                    },
                    {
                      "k": "git_refs_url",
                      "v": "https://api.github.com/repos/SOVANTHOEUN/datepickr/git/refs{/sha}"
                    },
                    {
                      "k": "git_tags_url",
                      "v": "https://api.github.com/repos/SOVANTHOEUN/datepickr/git/tags{/sha}"
                    },
                    {
                      "k": "git_url",
                      "v": "git://github.com/SOVANTHOEUN/datepickr.git"
                    },
                    {
                      "k": "has_downloads",
                      "v": true
                    },
                    {
                      "k": "has_issues",
                      "v": true
                    },
                    {
                      "k": "has_pages",
                      "v": false
                    },
                    {
                      "k": "has_projects",
                      "v": true
                    },
                    {
                      "k": "has_wiki",
                      "v": true
                    },
                    {
                      "k": "homepage",
                      "v": null
                    },
                    {
                      "k": "hooks_url",
                      "v": "https://api.github.com/repos/SOVANTHOEUN/datepickr/hooks"
                    },
                    {
                      "k": "html_url",
                      "v": "https://github.com/SOVANTHOEUN/datepickr"
                    },
                    {
                      "k": "id",
                      "v": 450758309.0
                    },
                    {
                      "k": "is_template",
                      "v": false
                    },
                    {
                      "k": "issue_comment_url",
                      "v": "https://api.github.com/repos/SOVANTHOEUN/datepickr/issues/comments{/number}"
                    },
                    {
                      "k": "issue_events_url",
                      "v": "https://api.github.com/repos/SOVANTHOEUN/datepickr/issues/events{/number}"
                    },
                    {
                      "k": "issues_url",
                      "v": "https://api.github.com/repos/SOVANTHOEUN/datepickr/issues{/number}"
                    },
                    {
                      "k": "keys_url",
                      "v": "https://api.github.com/repos/SOVANTHOEUN/datepickr/keys{/key_id}"
                    },
                    {
                      "k": "labels_url",
                      "v": "https://api.github.com/repos/SOVANTHOEUN/datepickr/labels{/name}"
                    },
                    {
                      "k": "language",
                      "v": "HTML"
                    },
                    {
                      "k": "languages_url",
                      "v": "https://api.github.com/repos/SOVANTHOEUN/datepickr/languages"
                    },
                    {
                      "k": "license",
                      "v": null
                    },
                    {
                      "k": "master_branch",
                      "v": "master"
                    },
                    {
                      "k": "merges_url",
                      "v": "https://api.github.com/repos/SOVANTHOEUN/datepickr/merges"
                    },
                    {
                      "k": "milestones_url",
                      "v": "https://api.github.com/repos/SOVANTHOEUN/datepickr/milestones{/number}"
                    },
                    {
                      "k": "mirror_url",
                      "v": null
                    },
                    {
                      "k": "name",
                      "v": "datepickr"
                    },
                    {
                      "k": "node_id",
                      "v": "R_kgDOGt4GpQ"
                    },
                    {
                      "k": "notifications_url",
                      "v": "https://api.github.com/repos/SOVANTHOEUN/datepickr/notifications{?since,all,participating}"
                    },
                    {
                      "k": "open_issues",
                      "v": 0.0
                    },
                    {
                      "k": "open_issues_count",
                      "v": 0.0
                    },
                    {
                      "k": "owner",
                      "v": {
                        "t": 2,
                        "d": [
                          {
                            "k": "avatar_url",
                            "v": "https://avatars.githubusercontent.com/u/13831964?v=4"
                          },
                          {
                            "k": "email",
                            "v": "sovanbunthoeunvoung@gmail.com"
                          },
                          {
                            "k": "events_url",
                            "v": "https://api.github.com/users/SOVANTHOEUN/events{/privacy}"
                          },
                          {
                            "k": "followers_url",
                            "v": "https://api.github.com/users/SOVANTHOEUN/followers"
                          },
                          {
                            "k": "following_url",
                            "v": "https://api.github.com/users/SOVANTHOEUN/following{/other_user}"
                          },
                          {
                            "k": "gists_url",
                            "v": "https://api.github.com/users/SOVANTHOEUN/gists{/gist_id}"
                          },
                          {
                            "k": "gravatar_id",
                            "v": ""
                          },
                          {
                            "k": "html_url",
                            "v": "https://github.com/SOVANTHOEUN"
                          },
                          {
                            "k": "id",
                            "v": 13831964.0
                          },
                          {
                            "k": "login",
                            "v": "SOVANTHOEUN"
                          },
                          {
                            "k": "name",
                            "v": "SOVANTHOEUN"
                          },
                          {
                            "k": "node_id",
                            "v": "MDQ6VXNlcjEzODMxOTY0"
                          },
                          {
                            "k": "organizations_url",
                            "v": "https://api.github.com/users/SOVANTHOEUN/orgs"
                          },
                          {
                            "k": "received_events_url",
                            "v": "https://api.github.com/users/SOVANTHOEUN/received_events"
                          },
                          {
                            "k": "repos_url",
                            "v": "https://api.github.com/users/SOVANTHOEUN/repos"
                          },
                          {
                            "k": "site_admin",
                            "v": false
                          },
                          {
                            "k": "starred_url",
                            "v": "https://api.github.com/users/SOVANTHOEUN/starred{/owner}{/repo}"
                          },
                          {
                            "k": "subscriptions_url",
                            "v": "https://api.github.com/users/SOVANTHOEUN/subscriptions"
                          },
                          {
                            "k": "type",
                            "v": "User"
                          },
                          {
                            "k": "url",
                            "v": "https://api.github.com/users/SOVANTHOEUN"
                          }
                        ]
                      }
                    },
                    {
                      "k": "private",
                      "v": false
                    },
                    {
                      "k": "pulls_url",
                      "v": "https://api.github.com/repos/SOVANTHOEUN/datepickr/pulls{/number}"
                    },
                    {
                      "k": "pushed_at",
                      "v": 1643185633.0
                    },
                    {
                      "k": "releases_url",
                      "v": "https://api.github.com/repos/SOVANTHOEUN/datepickr/releases{/id}"
                    },
                    {
                      "k": "size",
                      "v": 9555.0
                    },
                    {
                      "k": "ssh_url",
                      "v": "git@github.com:SOVANTHOEUN/datepickr.git"
                    },
                    {
                      "k": "stargazers",
                      "v": 0.0
                    },
                    {
                      "k": "stargazers_count",
                      "v": 0.0
                    },
                    {
                      "k": "stargazers_url",
                      "v": "https://api.github.com/repos/SOVANTHOEUN/datepickr/stargazers"
                    },
                    {
                      "k": "statuses_url",
                      "v": "https://api.github.com/repos/SOVANTHOEUN/datepickr/statuses/{sha}"
                    },
                    {
                      "k": "subscribers_url",
                      "v": "https://api.github.com/repos/SOVANTHOEUN/datepickr/subscribers"
                    },
                    {
                      "k": "subscription_url",
                      "v": "https://api.github.com/repos/SOVANTHOEUN/datepickr/subscription"
                    },
                    {
                      "k": "svn_url",
                      "v": "https://github.com/SOVANTHOEUN/datepickr"
                    },
                    {
                      "k": "tags_url",
                      "v": "https://api.github.com/repos/SOVANTHOEUN/datepickr/tags"
                    },
                    {
                      "k": "teams_url",
                      "v": "https://api.github.com/repos/SOVANTHOEUN/datepickr/teams"
                    },
                    {
                      "k": "topics",
                      "v": {
                        "t": 1
                      }
                    },
                    {
                      "k": "trees_url",
                      "v": "https://api.github.com/repos/SOVANTHOEUN/datepickr/git/trees{/sha}"
                    },
                    {
                      "k": "updated_at",
                      "v": "2022-01-26T01:15:31Z"
                    },
                    {
                      "k": "url",
                      "v": "https://github.com/SOVANTHOEUN/datepickr"
                    },
                    {
                      "k": "visibility",
                      "v": "public"
                    },
                    {
                      "k": "watchers",
                      "v": 0.0
                    },
                    {
                      "k": "watchers_count",
                      "v": 0.0
                    }
                  ]
                }
              },
              {
                "k": "sender",
                "v": {
                  "t": 2,
                  "d": [
                    {
                      "k": "avatar_url",
                      "v": "https://avatars.githubusercontent.com/u/13831964?v=4"
                    },
                    {
                      "k": "events_url",
                      "v": "https://api.github.com/users/SOVANTHOEUN/events{/privacy}"
                    },
                    {
                      "k": "followers_url",
                      "v": "https://api.github.com/users/SOVANTHOEUN/followers"
                    },
                    {
                      "k": "following_url",
                      "v": "https://api.github.com/users/SOVANTHOEUN/following{/other_user}"
                    },
                    {
                      "k": "gists_url",
                      "v": "https://api.github.com/users/SOVANTHOEUN/gists{/gist_id}"
                    },
                    {
                      "k": "gravatar_id",
                      "v": ""
                    },
                    {
                      "k": "html_url",
                      "v": "https://github.com/SOVANTHOEUN"
                    },
                    {
                      "k": "id",
                      "v": 13831964.0
                    },
                    {
                      "k": "login",
                      "v": "SOVANTHOEUN"
                    },
                    {
                      "k": "node_id",
                      "v": "MDQ6VXNlcjEzODMxOTY0"
                    },
                    {
                      "k": "organizations_url",
                      "v": "https://api.github.com/users/SOVANTHOEUN/orgs"
                    },
                    {
                      "k": "received_events_url",
                      "v": "https://api.github.com/users/SOVANTHOEUN/received_events"
                    },
                    {
                      "k": "repos_url",
                      "v": "https://api.github.com/users/SOVANTHOEUN/repos"
                    },
                    {
                      "k": "site_admin",
                      "v": false
                    },
                    {
                      "k": "starred_url",
                      "v": "https://api.github.com/users/SOVANTHOEUN/starred{/owner}{/repo}"
                    },
                    {
                      "k": "subscriptions_url",
                      "v": "https://api.github.com/users/SOVANTHOEUN/subscriptions"
                    },
                    {
                      "k": "type",
                      "v": "User"
                    },
                    {
                      "k": "url",
                      "v": "https://api.github.com/users/SOVANTHOEUN"
                    }
                  ]
                }
              }
            ]
          }
        },
        {
          "k": "server_url",
          "v": "https://github.com"
        },
        {
          "k": "api_url",
          "v": "https://api.github.com"
        },
        {
          "k": "graphql_url",
          "v": "https://api.github.com/graphql"
        },
        {
          "k": "ref_name",
          "v": "master"
        },
        {
          "k": "ref_protected",
          "v": false
        },
        {
          "k": "ref_type",
          "v": "branch"
        },
        {
          "k": "secret_source",
          "v": "Actions"
        }
      ]
    },
    "needs": {
      "t": 2
    },
    "inputs": null,
    "matrix": null,
    "strategy": {
      "t": 2,
      "d": [
        {
          "k": "fail-fast",
          "v": true
        },
        {
          "k": "job-index",
          "v": 0.0
        },
        {
          "k": "job-total",
          "v": 1.0
        },
        {
          "k": "max-parallel",
          "v": 1.0
        }
      ]
    }
  }
}
[2022-01-26 08:27:21Z INFO JobRunner] Job ID ca395085-040a-526b-2ce8-bdc85f692774
[2022-01-26 08:27:21Z INFO JobRunner] Creating job server with URL: https://pipelines.actions.githubusercontent.com/gzLaVMOfL6WLcMQJE1LpMUjJasDbxlWXCjNEnezJN7c5O6iKrA/
[2022-01-26 08:27:21Z INFO ConfigurationStore] currentAssemblyLocation: C:\Users\SOVANTHOEUN\Desktop\GIT Workspace\datepickr\actions-runner\bin\Runner.Worker.dll
[2022-01-26 08:27:21Z INFO HostContext] Well known directory 'Bin': 'C:\Users\SOVANTHOEUN\Desktop\GIT Workspace\datepickr\actions-runner\bin'
[2022-01-26 08:27:21Z INFO ConfigurationStore] binPath: C:\Users\SOVANTHOEUN\Desktop\GIT Workspace\datepickr\actions-runner\bin
[2022-01-26 08:27:21Z INFO HostContext] Well known directory 'Bin': 'C:\Users\SOVANTHOEUN\Desktop\GIT Workspace\datepickr\actions-runner\bin'
[2022-01-26 08:27:21Z INFO HostContext] Well known directory 'Root': 'C:\Users\SOVANTHOEUN\Desktop\GIT Workspace\datepickr\actions-runner'
[2022-01-26 08:27:21Z INFO ConfigurationStore] RootFolder: C:\Users\SOVANTHOEUN\Desktop\GIT Workspace\datepickr\actions-runner
[2022-01-26 08:27:21Z INFO HostContext] Well known directory 'Bin': 'C:\Users\SOVANTHOEUN\Desktop\GIT Workspace\datepickr\actions-runner\bin'
[2022-01-26 08:27:21Z INFO HostContext] Well known directory 'Root': 'C:\Users\SOVANTHOEUN\Desktop\GIT Workspace\datepickr\actions-runner'
[2022-01-26 08:27:21Z INFO HostContext] Well known config file 'Runner': 'C:\Users\SOVANTHOEUN\Desktop\GIT Workspace\datepickr\actions-runner\.runner'
[2022-01-26 08:27:21Z INFO ConfigurationStore] ConfigFilePath: C:\Users\SOVANTHOEUN\Desktop\GIT Workspace\datepickr\actions-runner\.runner
[2022-01-26 08:27:21Z INFO HostContext] Well known directory 'Bin': 'C:\Users\SOVANTHOEUN\Desktop\GIT Workspace\datepickr\actions-runner\bin'
[2022-01-26 08:27:21Z INFO HostContext] Well known directory 'Root': 'C:\Users\SOVANTHOEUN\Desktop\GIT Workspace\datepickr\actions-runner'
[2022-01-26 08:27:21Z INFO HostContext] Well known config file 'Credentials': 'C:\Users\SOVANTHOEUN\Desktop\GIT Workspace\datepickr\actions-runner\.credentials'
[2022-01-26 08:27:21Z INFO ConfigurationStore] CredFilePath: C:\Users\SOVANTHOEUN\Desktop\GIT Workspace\datepickr\actions-runner\.credentials
[2022-01-26 08:27:21Z INFO HostContext] Well known directory 'Bin': 'C:\Users\SOVANTHOEUN\Desktop\GIT Workspace\datepickr\actions-runner\bin'
[2022-01-26 08:27:21Z INFO HostContext] Well known directory 'Root': 'C:\Users\SOVANTHOEUN\Desktop\GIT Workspace\datepickr\actions-runner'
[2022-01-26 08:27:21Z INFO HostContext] Well known config file 'MigratedCredentials': 'C:\Users\SOVANTHOEUN\Desktop\GIT Workspace\datepickr\actions-runner\.credentials_migrated'
[2022-01-26 08:27:21Z INFO ConfigurationStore] MigratedCredFilePath: C:\Users\SOVANTHOEUN\Desktop\GIT Workspace\datepickr\actions-runner\.credentials_migrated
[2022-01-26 08:27:21Z INFO HostContext] Well known directory 'Bin': 'C:\Users\SOVANTHOEUN\Desktop\GIT Workspace\datepickr\actions-runner\bin'
[2022-01-26 08:27:21Z INFO HostContext] Well known directory 'Root': 'C:\Users\SOVANTHOEUN\Desktop\GIT Workspace\datepickr\actions-runner'
[2022-01-26 08:27:21Z INFO HostContext] Well known config file 'Service': 'C:\Users\SOVANTHOEUN\Desktop\GIT Workspace\datepickr\actions-runner\.service'
[2022-01-26 08:27:21Z INFO ConfigurationStore] ServiceConfigFilePath: C:\Users\SOVANTHOEUN\Desktop\GIT Workspace\datepickr\actions-runner\.service
[2022-01-26 08:27:21Z INFO ConfigurationStore] Read setting file: 299 chars
[2022-01-26 08:27:21Z INFO GitHubActionsService] Starting operation Location.GetConnectionData
[2022-01-26 08:27:21Z INFO Worker] Listening for cancel message from the channel.
[2022-01-26 08:27:21Z INFO Worker] Waiting for the job to complete or for a cancel message from the channel.
[2022-01-26 08:27:21Z INFO GitHubActionsService] Finished operation Location.GetConnectionData
[2022-01-26 08:27:21Z INFO JobServerQueue] Start process web console line queue.
[2022-01-26 08:27:21Z INFO JobServerQueue] Start process file upload queue.
[2022-01-26 08:27:21Z INFO JobServerQueue] Start process timeline update queue.
[2022-01-26 08:27:21Z INFO ExecutionContext] Initialize GitHub context
[2022-01-26 08:27:21Z INFO ExecutionContext] Initialize Env context
[2022-01-26 08:27:21Z INFO HostContext] Well known directory 'Bin': 'C:\Users\SOVANTHOEUN\Desktop\GIT Workspace\datepickr\actions-runner\bin'
[2022-01-26 08:27:21Z INFO HostContext] Well known directory 'Root': 'C:\Users\SOVANTHOEUN\Desktop\GIT Workspace\datepickr\actions-runner'
[2022-01-26 08:27:21Z INFO HostContext] Well known directory 'Diag': 'C:\Users\SOVANTHOEUN\Desktop\GIT Workspace\datepickr\actions-runner\_diag'
[2022-01-26 08:27:21Z INFO JobRunner] Starting the job execution context.
[2022-01-26 08:27:21Z INFO HostContext] Well known directory 'Bin': 'C:\Users\SOVANTHOEUN\Desktop\GIT Workspace\datepickr\actions-runner\bin'
[2022-01-26 08:27:21Z INFO HostContext] Well known directory 'Root': 'C:\Users\SOVANTHOEUN\Desktop\GIT Workspace\datepickr\actions-runner'
[2022-01-26 08:27:21Z INFO HostContext] Well known directory 'Work': 'C:\Users\SOVANTHOEUN\Desktop\GIT Workspace\datepickr\actions-runner\_work'
[2022-01-26 08:27:21Z INFO JobRunner] Validating directory permissions for: 'C:\Users\SOVANTHOEUN\Desktop\GIT Workspace\datepickr\actions-runner\_work'
[2022-01-26 08:27:21Z INFO HostContext] Well known directory 'Bin': 'C:\Users\SOVANTHOEUN\Desktop\GIT Workspace\datepickr\actions-runner\bin'
[2022-01-26 08:27:21Z INFO HostContext] Well known directory 'Root': 'C:\Users\SOVANTHOEUN\Desktop\GIT Workspace\datepickr\actions-runner'
[2022-01-26 08:27:21Z INFO HostContext] Well known directory 'Work': 'C:\Users\SOVANTHOEUN\Desktop\GIT Workspace\datepickr\actions-runner\_work'
[2022-01-26 08:27:21Z INFO HostContext] Well known directory 'Tools': 'C:\Users\SOVANTHOEUN\Desktop\GIT Workspace\datepickr\actions-runner\_work\_tool'
[2022-01-26 08:27:21Z INFO HostContext] Well known directory 'Bin': 'C:\Users\SOVANTHOEUN\Desktop\GIT Workspace\datepickr\actions-runner\bin'
[2022-01-26 08:27:21Z INFO HostContext] Well known directory 'Root': 'C:\Users\SOVANTHOEUN\Desktop\GIT Workspace\datepickr\actions-runner'
[2022-01-26 08:27:21Z INFO HostContext] Well known directory 'Work': 'C:\Users\SOVANTHOEUN\Desktop\GIT Workspace\datepickr\actions-runner\_work'
[2022-01-26 08:27:21Z INFO HostContext] Well known directory 'Temp': 'C:\Users\SOVANTHOEUN\Desktop\GIT Workspace\datepickr\actions-runner\_work\_temp'
[2022-01-26 08:27:21Z INFO JobRunner] Getting job extension.
[2022-01-26 08:27:21Z INFO JobRunner] Initialize job. Getting all job steps.
[2022-01-26 08:27:21Z INFO HostContext] Well known directory 'Bin': 'C:\Users\SOVANTHOEUN\Desktop\GIT Workspace\datepickr\actions-runner\bin'
[2022-01-26 08:27:21Z INFO HostContext] Well known directory 'Root': 'C:\Users\SOVANTHOEUN\Desktop\GIT Workspace\datepickr\actions-runner'
[2022-01-26 08:27:21Z INFO HostContext] Well known directory 'Diag': 'C:\Users\SOVANTHOEUN\Desktop\GIT Workspace\datepickr\actions-runner\_diag'
[2022-01-26 08:27:22Z INFO HostContext] Well known directory 'Bin': 'C:\Users\SOVANTHOEUN\Desktop\GIT Workspace\datepickr\actions-runner\bin'
[2022-01-26 08:27:22Z INFO HostContext] Well known directory 'Root': 'C:\Users\SOVANTHOEUN\Desktop\GIT Workspace\datepickr\actions-runner'
[2022-01-26 08:27:22Z INFO HostContext] Well known config file 'Credentials': 'C:\Users\SOVANTHOEUN\Desktop\GIT Workspace\datepickr\actions-runner\.credentials'
[2022-01-26 08:27:22Z INFO HostContext] Well known directory 'Bin': 'C:\Users\SOVANTHOEUN\Desktop\GIT Workspace\datepickr\actions-runner\bin'
[2022-01-26 08:27:22Z INFO HostContext] Well known directory 'Root': 'C:\Users\SOVANTHOEUN\Desktop\GIT Workspace\datepickr\actions-runner'
[2022-01-26 08:27:22Z INFO HostContext] Well known config file 'SetupInfo': 'C:\Users\SOVANTHOEUN\Desktop\GIT Workspace\datepickr\actions-runner\.setup_info'
[2022-01-26 08:27:22Z INFO HostContext] Well known directory 'Bin': 'C:\Users\SOVANTHOEUN\Desktop\GIT Workspace\datepickr\actions-runner\bin'
[2022-01-26 08:27:22Z INFO HostContext] Well known directory 'Root': 'C:\Users\SOVANTHOEUN\Desktop\GIT Workspace\datepickr\actions-runner'
[2022-01-26 08:27:22Z INFO HostContext] Well known directory 'Work': 'C:\Users\SOVANTHOEUN\Desktop\GIT Workspace\datepickr\actions-runner\_work'
[2022-01-26 08:27:22Z INFO PipelineDirectoryManager] Loading tracking config if exists: C:\Users\SOVANTHOEUN\Desktop\GIT Workspace\datepickr\actions-runner\_work\_PipelineMapping\SOVANTHOEUN/datepickr\PipelineFolder.json
[2022-01-26 08:27:22Z INFO PipelineDirectoryManager] Creating a new tracking config file.
[2022-01-26 08:27:22Z INFO HostContext] Well known directory 'Bin': 'C:\Users\SOVANTHOEUN\Desktop\GIT Workspace\datepickr\actions-runner\bin'
[2022-01-26 08:27:22Z INFO HostContext] Well known directory 'Root': 'C:\Users\SOVANTHOEUN\Desktop\GIT Workspace\datepickr\actions-runner'
[2022-01-26 08:27:22Z INFO HostContext] Well known directory 'Work': 'C:\Users\SOVANTHOEUN\Desktop\GIT Workspace\datepickr\actions-runner\_work'
[2022-01-26 08:27:22Z INFO PipelineDirectoryManager] Creating pipeline directory.
[2022-01-26 08:27:22Z INFO HostContext] Well known directory 'Bin': 'C:\Users\SOVANTHOEUN\Desktop\GIT Workspace\datepickr\actions-runner\bin'
[2022-01-26 08:27:22Z INFO HostContext] Well known directory 'Root': 'C:\Users\SOVANTHOEUN\Desktop\GIT Workspace\datepickr\actions-runner'
[2022-01-26 08:27:22Z INFO HostContext] Well known directory 'Work': 'C:\Users\SOVANTHOEUN\Desktop\GIT Workspace\datepickr\actions-runner\_work'
[2022-01-26 08:27:22Z INFO PipelineDirectoryManager] Creating workspace directory.
[2022-01-26 08:27:22Z INFO HostContext] Well known directory 'Bin': 'C:\Users\SOVANTHOEUN\Desktop\GIT Workspace\datepickr\actions-runner\bin'
[2022-01-26 08:27:22Z INFO HostContext] Well known directory 'Root': 'C:\Users\SOVANTHOEUN\Desktop\GIT Workspace\datepickr\actions-runner'
[2022-01-26 08:27:22Z INFO HostContext] Well known directory 'Work': 'C:\Users\SOVANTHOEUN\Desktop\GIT Workspace\datepickr\actions-runner\_work'
[2022-01-26 08:27:22Z INFO JobExtension] Downloading actions
[2022-01-26 08:27:22Z INFO HostContext] Well known directory 'Bin': 'C:\Users\SOVANTHOEUN\Desktop\GIT Workspace\datepickr\actions-runner\bin'
[2022-01-26 08:27:22Z INFO HostContext] Well known directory 'Root': 'C:\Users\SOVANTHOEUN\Desktop\GIT Workspace\datepickr\actions-runner'
[2022-01-26 08:27:22Z INFO HostContext] Well known directory 'Work': 'C:\Users\SOVANTHOEUN\Desktop\GIT Workspace\datepickr\actions-runner\_work'
[2022-01-26 08:27:22Z INFO HostContext] Well known directory 'Actions': 'C:\Users\SOVANTHOEUN\Desktop\GIT Workspace\datepickr\actions-runner\_work\_actions'
[2022-01-26 08:27:22Z INFO JobServerQueue] Try to append 1 batches web console lines for record '9c9037f6-444e-492a-ad51-ba241444ee11', success rate: 1/1.
[2022-01-26 08:27:22Z INFO JobServerQueue] Job timeline record has been updated for the first time.
[2022-01-26 08:27:22Z INFO JobServerQueue] Try to append 1 batches web console lines for record '9c9037f6-444e-492a-ad51-ba241444ee11', success rate: 1/1.
[2022-01-26 08:27:23Z INFO HostContext] Well known directory 'Bin': 'C:\Users\SOVANTHOEUN\Desktop\GIT Workspace\datepickr\actions-runner\bin'
[2022-01-26 08:27:23Z INFO HostContext] Well known directory 'Root': 'C:\Users\SOVANTHOEUN\Desktop\GIT Workspace\datepickr\actions-runner'
[2022-01-26 08:27:23Z INFO HostContext] Well known directory 'Work': 'C:\Users\SOVANTHOEUN\Desktop\GIT Workspace\datepickr\actions-runner\_work'
[2022-01-26 08:27:23Z INFO HostContext] Well known directory 'Actions': 'C:\Users\SOVANTHOEUN\Desktop\GIT Workspace\datepickr\actions-runner\_work\_actions'
[2022-01-26 08:27:23Z INFO HostContext] Well known directory 'Bin': 'C:\Users\SOVANTHOEUN\Desktop\GIT Workspace\datepickr\actions-runner\bin'
[2022-01-26 08:27:23Z INFO HostContext] Well known directory 'Root': 'C:\Users\SOVANTHOEUN\Desktop\GIT Workspace\datepickr\actions-runner'
[2022-01-26 08:27:23Z INFO HostContext] Well known directory 'Work': 'C:\Users\SOVANTHOEUN\Desktop\GIT Workspace\datepickr\actions-runner\_work'
[2022-01-26 08:27:23Z INFO HostContext] Well known directory 'Actions': 'C:\Users\SOVANTHOEUN\Desktop\GIT Workspace\datepickr\actions-runner\_work\_actions'
[2022-01-26 08:27:23Z INFO ActionManager] Save archive 'https://api.github.com/repos/actions/checkout/zipball/230611dbd0eb52da1e1f4f7bc8bb0c3a339fc8b7' into C:\Users\SOVANTHOEUN\Desktop\GIT Workspace\datepickr\actions-runner\_work\_actions\_temp_15b0547c-7938-4f16-a23a-ea05ddd4eaf2\6b39223f-041a-424a-8d36-efad511c7760.zip.
[2022-01-26 08:27:23Z INFO JobServerQueue] Try to append 1 batches web console lines for record '9c9037f6-444e-492a-ad51-ba241444ee11', success rate: 1/1.
[2022-01-26 08:27:24Z INFO ActionManager] Finished getting action repository.
[2022-01-26 08:27:24Z INFO HostContext] Well known directory 'Bin': 'C:\Users\SOVANTHOEUN\Desktop\GIT Workspace\datepickr\actions-runner\bin'
[2022-01-26 08:27:24Z INFO HostContext] Well known directory 'Root': 'C:\Users\SOVANTHOEUN\Desktop\GIT Workspace\datepickr\actions-runner'
[2022-01-26 08:27:24Z INFO HostContext] Well known directory 'Work': 'C:\Users\SOVANTHOEUN\Desktop\GIT Workspace\datepickr\actions-runner\_work'
[2022-01-26 08:27:24Z INFO HostContext] Well known directory 'Actions': 'C:\Users\SOVANTHOEUN\Desktop\GIT Workspace\datepickr\actions-runner\_work\_actions'
[2022-01-26 08:27:24Z INFO HostContext] Well known directory 'Bin': 'C:\Users\SOVANTHOEUN\Desktop\GIT Workspace\datepickr\actions-runner\bin'
[2022-01-26 08:27:24Z INFO HostContext] Well known directory 'Root': 'C:\Users\SOVANTHOEUN\Desktop\GIT Workspace\datepickr\actions-runner'
[2022-01-26 08:27:24Z INFO HostContext] Well known directory 'Work': 'C:\Users\SOVANTHOEUN\Desktop\GIT Workspace\datepickr\actions-runner\_work'
[2022-01-26 08:27:24Z INFO HostContext] Well known directory 'Actions': 'C:\Users\SOVANTHOEUN\Desktop\GIT Workspace\datepickr\actions-runner\_work\_actions'
[2022-01-26 08:27:24Z INFO ActionManager] Save archive 'https://api.github.com/repos/SOVANTHOEUN/datepickr/zipball/0b83c3d3b101951bb0ee1142458b5765305357f0' into C:\Users\SOVANTHOEUN\Desktop\GIT Workspace\datepickr\actions-runner\_work\_actions\_temp_d5450444-2515-4c57-bd42-4bbfa9fc42fd\4ee65f20-2c22-4788-9bbd-6595db89b48f.zip.
[2022-01-26 08:27:24Z INFO JobServerQueue] Try to append 1 batches web console lines for record '9c9037f6-444e-492a-ad51-ba241444ee11', success rate: 1/1.
[2022-01-26 08:27:57Z INFO ActionManager] Finished getting action repository.
[2022-01-26 08:27:57Z INFO HostContext] Well known directory 'Bin': 'C:\Users\SOVANTHOEUN\Desktop\GIT Workspace\datepickr\actions-runner\bin'
[2022-01-26 08:27:57Z INFO HostContext] Well known directory 'Root': 'C:\Users\SOVANTHOEUN\Desktop\GIT Workspace\datepickr\actions-runner'
[2022-01-26 08:27:57Z INFO HostContext] Well known directory 'Work': 'C:\Users\SOVANTHOEUN\Desktop\GIT Workspace\datepickr\actions-runner\_work'
[2022-01-26 08:27:57Z INFO HostContext] Well known directory 'Actions': 'C:\Users\SOVANTHOEUN\Desktop\GIT Workspace\datepickr\actions-runner\_work\_actions'
[2022-01-26 08:27:57Z INFO ActionManifestManager] Load schema file with definitions: [
  "null",
  "boolean",
  "number",
  "string",
  "sequence",
  "mapping",
  "any",
  "action-root",
  "inputs",
  "input",
  "outputs",
  "output-definition",
  "runs",
  "container-runs",
  "container-runs-args",
  "container-runs-env",
  "node-runs",
  "plugin-runs",
  "composite-runs",
  "composite-steps",
  "composite-step",
  "run-step",
  "uses-step",
  "container-runs-context",
  "output-value",
  "input-default-context",
  "non-empty-string",
  "string-steps-context",
  "step-env",
  "step-if",
  "step-with"
]
[2022-01-26 08:27:57Z INFO HostContext] Well known directory 'Bin': 'C:\Users\SOVANTHOEUN\Desktop\GIT Workspace\datepickr\actions-runner\bin'
[2022-01-26 08:27:57Z INFO HostContext] Well known directory 'Root': 'C:\Users\SOVANTHOEUN\Desktop\GIT Workspace\datepickr\actions-runner'
[2022-01-26 08:27:57Z INFO HostContext] Well known directory 'Work': 'C:\Users\SOVANTHOEUN\Desktop\GIT Workspace\datepickr\actions-runner\_work'
[2022-01-26 08:27:57Z INFO HostContext] Well known directory 'Actions': 'C:\Users\SOVANTHOEUN\Desktop\GIT Workspace\datepickr\actions-runner\_work\_actions'
[2022-01-26 08:27:58Z INFO ActionManifestManager] Loaded action.yml file: {
  "name": "Checkout",
  "description": "Checkout a Git repository at a particular version",
  "inputs": {
    "type": 2,
    "map": [
      {
        "key": {
          "type": 0,
          "file": 2,
          "line": 4,
          "col": 3,
          "lit": "repository"
        },
        "value": {
          "type": 3,
          "file": 2,
          "line": 6,
          "col": 14,
          "expr": "github.repository"
        }
      },
      {
        "key": {
          "type": 0,
          "file": 2,
          "line": 7,
          "col": 3,
          "lit": "ref"
        },
        "value": ""
      },
      {
        "key": {
          "type": 0,
          "file": 2,
          "line": 12,
          "col": 3,
          "lit": "token"
        },
        "value": {
          "type": 3,
          "file": 2,
          "line": 24,
          "col": 14,
          "expr": "github.token"
        }
      },
      {
        "key": {
          "type": 0,
          "file": 2,
          "line": 25,
          "col": 3,
          "lit": "ssh-key"
        },
        "value": ""
      },
      {
        "key": {
          "type": 0,
          "file": 2,
          "line": 37,
          "col": 3,
          "lit": "ssh-known-hosts"
        },
        "value": ""
      },
      {
        "key": {
          "type": 0,
          "file": 2,
          "line": 42,
          "col": 3,
          "lit": "ssh-strict"
        },
        "value": {
          "type": 0,
          "file": 2,
          "line": 47,
          "col": 14,
          "lit": "true"
        }
      },
      {
        "key": {
          "type": 0,
          "file": 2,
          "line": 48,
          "col": 3,
          "lit": "persist-credentials"
        },
        "value": {
          "type": 0,
          "file": 2,
          "line": 50,
          "col": 14,
          "lit": "true"
        }
      },
      {
        "key": {
          "type": 0,
          "file": 2,
          "line": 51,
          "col": 3,
          "lit": "path"
        },
        "value": ""
      },
      {
        "key": {
          "type": 0,
          "file": 2,
          "line": 53,
          "col": 3,
          "lit": "clean"
        },
        "value": {
          "type": 0,
          "file": 2,
          "line": 55,
          "col": 14,
          "lit": "true"
        }
      },
      {
        "key": {
          "type": 0,
          "file": 2,
          "line": 56,
          "col": 3,
          "lit": "fetch-depth"
        },
        "value": {
          "type": 0,
          "file": 2,
          "line": 58,
          "col": 14,
          "lit": "1"
        }
      },
      {
        "key": {
          "type": 0,
          "file": 2,
          "line": 59,
          "col": 3,
          "lit": "lfs"
        },
        "value": {
          "type": 0,
          "file": 2,
          "line": 61,
          "col": 14,
          "lit": "false"
        }
      },
      {
        "key": {
          "type": 0,
          "file": 2,
          "line": 62,
          "col": 3,
          "lit": "submodules"
        },
        "value": {
          "type": 0,
          "file": 2,
          "line": 70,
          "col": 14,
          "lit": "false"
        }
      }
    ]
  },
  "execution": {
    "executionType": "nodeJS",
    "hasPre": false,
    "hasPost": true,
    "script": "dist/index.js",
    "pre": null,
    "post": "dist/index.js",
    "nodeVersion": "node12",
    "cleanupCondition": "always()",
    "initCondition": "always()"
  },
  "deprecated": null
}
[2022-01-26 08:27:58Z INFO ActionManager] Action node.js file: dist/index.js, no more preparation.
[2022-01-26 08:27:58Z INFO HostContext] Well known directory 'Bin': 'C:\Users\SOVANTHOEUN\Desktop\GIT Workspace\datepickr\actions-runner\bin'
[2022-01-26 08:27:58Z INFO HostContext] Well known directory 'Root': 'C:\Users\SOVANTHOEUN\Desktop\GIT Workspace\datepickr\actions-runner'
[2022-01-26 08:27:58Z INFO HostContext] Well known directory 'Work': 'C:\Users\SOVANTHOEUN\Desktop\GIT Workspace\datepickr\actions-runner\_work'
[2022-01-26 08:27:58Z INFO HostContext] Well known directory 'Actions': 'C:\Users\SOVANTHOEUN\Desktop\GIT Workspace\datepickr\actions-runner\_work\_actions'
[2022-01-26 08:27:58Z INFO ActionManager] Load action that reference repository from 'C:\Users\SOVANTHOEUN\Desktop\GIT Workspace\datepickr\actions-runner\_work\_actions\actions\checkout\master'
[2022-01-26 08:27:58Z INFO HostContext] Well known directory 'Bin': 'C:\Users\SOVANTHOEUN\Desktop\GIT Workspace\datepickr\actions-runner\bin'
[2022-01-26 08:27:58Z INFO HostContext] Well known directory 'Root': 'C:\Users\SOVANTHOEUN\Desktop\GIT Workspace\datepickr\actions-runner'
[2022-01-26 08:27:58Z INFO HostContext] Well known directory 'Work': 'C:\Users\SOVANTHOEUN\Desktop\GIT Workspace\datepickr\actions-runner\_work'
[2022-01-26 08:27:58Z INFO HostContext] Well known directory 'Actions': 'C:\Users\SOVANTHOEUN\Desktop\GIT Workspace\datepickr\actions-runner\_work\_actions'
[2022-01-26 08:27:58Z INFO ActionManifestManager] Loaded action.yml file: {
  "name": "Checkout",
  "description": "Checkout a Git repository at a particular version",
  "inputs": {
    "type": 2,
    "map": [
      {
        "key": {
          "type": 0,
          "file": 2,
          "line": 4,
          "col": 3,
          "lit": "repository"
        },
        "value": {
          "type": 3,
          "file": 2,
          "line": 6,
          "col": 14,
          "expr": "github.repository"
        }
      },
      {
        "key": {
          "type": 0,
          "file": 2,
          "line": 7,
          "col": 3,
          "lit": "ref"
        },
        "value": ""
      },
      {
        "key": {
          "type": 0,
          "file": 2,
          "line": 12,
          "col": 3,
          "lit": "token"
        },
        "value": {
          "type": 3,
          "file": 2,
          "line": 24,
          "col": 14,
          "expr": "github.token"
        }
      },
      {
        "key": {
          "type": 0,
          "file": 2,
          "line": 25,
          "col": 3,
          "lit": "ssh-key"
        },
        "value": ""
      },
      {
        "key": {
          "type": 0,
          "file": 2,
          "line": 37,
          "col": 3,
          "lit": "ssh-known-hosts"
        },
        "value": ""
      },
      {
        "key": {
          "type": 0,
          "file": 2,
          "line": 42,
          "col": 3,
          "lit": "ssh-strict"
        },
        "value": {
          "type": 0,
          "file": 2,
          "line": 47,
          "col": 14,
          "lit": "true"
        }
      },
      {
        "key": {
          "type": 0,
          "file": 2,
          "line": 48,
          "col": 3,
          "lit": "persist-credentials"
        },
        "value": {
          "type": 0,
          "file": 2,
          "line": 50,
          "col": 14,
          "lit": "true"
        }
      },
      {
        "key": {
          "type": 0,
          "file": 2,
          "line": 51,
          "col": 3,
          "lit": "path"
        },
        "value": ""
      },
      {
        "key": {
          "type": 0,
          "file": 2,
          "line": 53,
          "col": 3,
          "lit": "clean"
        },
        "value": {
          "type": 0,
          "file": 2,
          "line": 55,
          "col": 14,
          "lit": "true"
        }
      },
      {
        "key": {
          "type": 0,
          "file": 2,
          "line": 56,
          "col": 3,
          "lit": "fetch-depth"
        },
        "value": {
          "type": 0,
          "file": 2,
          "line": 58,
          "col": 14,
          "lit": "1"
        }
      },
      {
        "key": {
          "type": 0,
          "file": 2,
          "line": 59,
          "col": 3,
          "lit": "lfs"
        },
        "value": {
          "type": 0,
          "file": 2,
          "line": 61,
          "col": 14,
          "lit": "false"
        }
      },
      {
        "key": {
          "type": 0,
          "file": 2,
          "line": 62,
          "col": 3,
          "lit": "submodules"
        },
        "value": {
          "type": 0,
          "file": 2,
          "line": 70,
          "col": 14,
          "lit": "false"
        }
      }
    ]
  },
  "execution": {
    "executionType": "nodeJS",
    "hasPre": false,
    "hasPost": true,
    "script": "dist/index.js",
    "pre": null,
    "post": "dist/index.js",
    "nodeVersion": "node12",
    "cleanupCondition": "always()",
    "initCondition": "always()"
  },
  "deprecated": null
}
[2022-01-26 08:27:58Z INFO ActionManager] Action pre node.js file: N/A.
[2022-01-26 08:27:58Z INFO ActionManager] Action node.js file: dist/index.js.
[2022-01-26 08:27:58Z INFO ActionManager] Action post node.js file: dist/index.js.
[2022-01-26 08:27:58Z INFO HostContext] Well known directory 'Bin': 'C:\Users\SOVANTHOEUN\Desktop\GIT Workspace\datepickr\actions-runner\bin'
[2022-01-26 08:27:58Z INFO HostContext] Well known directory 'Root': 'C:\Users\SOVANTHOEUN\Desktop\GIT Workspace\datepickr\actions-runner'
[2022-01-26 08:27:58Z INFO HostContext] Well known directory 'Work': 'C:\Users\SOVANTHOEUN\Desktop\GIT Workspace\datepickr\actions-runner\_work'
[2022-01-26 08:27:58Z INFO HostContext] Well known directory 'Actions': 'C:\Users\SOVANTHOEUN\Desktop\GIT Workspace\datepickr\actions-runner\_work\_actions'
[2022-01-26 08:27:58Z ERR  JobExtension] Caught exception from JobExtension Initialization: System.InvalidOperationException: Can't find 'action.yml', 'action.yaml' or 'Dockerfile' under 'C:\Users\SOVANTHOEUN\Desktop\GIT Workspace\datepickr\actions-runner\_work\_actions\SOVANTHOEUN\datepickr\master'. Did you forget to run actions/checkout before running your local action?
   at GitHub.Runner.Worker.ActionManager.PrepareRepositoryActionAsync(IExecutionContext executionContext, ActionStep repositoryAction)
   at GitHub.Runner.Worker.ActionManager.PrepareActionsRecursiveAsync(IExecutionContext executionContext, PrepareActionsState state, IEnumerable`1 actions, Int32 depth, Guid parentStepId)
   at GitHub.Runner.Worker.ActionManager.PrepareActionsAsync(IExecutionContext executionContext, IEnumerable`1 steps, Guid rootStepId)
   at GitHub.Runner.Worker.JobExtension.InitializeJob(IExecutionContext jobContext, AgentJobRequestMessage message)
[2022-01-26 08:27:58Z ERR  JobRunner] Job initialize failed.
[2022-01-26 08:27:58Z ERR  JobRunner] Caught exception from InitializeJob: System.InvalidOperationException: Can't find 'action.yml', 'action.yaml' or 'Dockerfile' under 'C:\Users\SOVANTHOEUN\Desktop\GIT Workspace\datepickr\actions-runner\_work\_actions\SOVANTHOEUN\datepickr\master'. Did you forget to run actions/checkout before running your local action?
   at GitHub.Runner.Worker.ActionManager.PrepareRepositoryActionAsync(IExecutionContext executionContext, ActionStep repositoryAction)
   at GitHub.Runner.Worker.ActionManager.PrepareActionsRecursiveAsync(IExecutionContext executionContext, PrepareActionsState state, IEnumerable`1 actions, Int32 depth, Guid parentStepId)
   at GitHub.Runner.Worker.ActionManager.PrepareActionsAsync(IExecutionContext executionContext, IEnumerable`1 steps, Guid rootStepId)
   at GitHub.Runner.Worker.JobExtension.InitializeJob(IExecutionContext jobContext, AgentJobRequestMessage message)
   at GitHub.Runner.Worker.JobRunner.RunAsync(AgentJobRequestMessage message, CancellationToken jobRequestCancellationToken)
[2022-01-26 08:27:58Z INFO JobRunner] Shutting down the job server queue.
[2022-01-26 08:27:58Z INFO JobServerQueue] Fire signal to shutdown all queues.
[2022-01-26 08:27:58Z INFO JobServerQueue] All queue process task stopped.
[2022-01-26 08:27:58Z INFO JobServerQueue] Try to append 1 batches web console lines for record '9c9037f6-444e-492a-ad51-ba241444ee11', success rate: 1/1.
[2022-01-26 08:27:58Z INFO JobServerQueue] Web console line queue drained.
[2022-01-26 08:27:58Z INFO JobServerQueue] Uploading 2 files in one shot.
[2022-01-26 08:27:59Z INFO JobServerQueue] Try to upload 2 log files or attachments, success rate: 2/2.
[2022-01-26 08:27:59Z INFO JobServerQueue] File upload queue drained.
[2022-01-26 08:28:00Z INFO JobServerQueue] Timeline update queue drained.
[2022-01-26 08:28:00Z INFO JobServerQueue] All queue process tasks have been stopped, and all queues are drained.
[2022-01-26 08:28:00Z INFO TempDirectoryManager] Cleaning runner temp folder: C:\Users\SOVANTHOEUN\Desktop\GIT Workspace\datepickr\actions-runner\_work\_temp
[2022-01-26 08:28:00Z INFO HostContext] Well known directory 'Bin': 'C:\Users\SOVANTHOEUN\Desktop\GIT Workspace\datepickr\actions-runner\bin'
[2022-01-26 08:28:00Z INFO HostContext] Well known directory 'Root': 'C:\Users\SOVANTHOEUN\Desktop\GIT Workspace\datepickr\actions-runner'
[2022-01-26 08:28:00Z INFO HostContext] Well known directory 'Diag': 'C:\Users\SOVANTHOEUN\Desktop\GIT Workspace\datepickr\actions-runner\_diag'
[2022-01-26 08:28:00Z INFO HostContext] Well known config file 'Telemetry': 'C:\Users\SOVANTHOEUN\Desktop\GIT Workspace\datepickr\actions-runner\_diag\.telemetry'
[2022-01-26 08:28:00Z INFO JobRunner] Raising job completed event.
[2022-01-26 08:28:00Z INFO Worker] Job completed.
